"../../../Engine/Content/ArtTools/RenderToTexture/Enums/RenderToTexture_Enum.uasset" 0
"../../../Engine/Content/ArtTools/RenderToTexture/Enums/RenderToTexture_Flipbook_Enum.uasset" 1
"../../../Engine/Content/ArtTools/RenderToTexture/Enums/RenderToTexture_Imposter_Enum.uasset" 2
"../../../Engine/Content/EditorBlueprintResources/StandardMacros.uasset" 3
"../../../Engine/Content/ArtTools/RenderToTexture/Enums/EIntTypes.uasset" 4
"../../../Engine/Content/ArtTools/RenderToTexture/Macros/RenderToTextureFunctionLibrary.uasset" 5
"../../../Engine/Content/ArtTools/RenderToTexture/Enums/EFloatTypes.uasset" 6
"../../../Engine/Content/ArtTools/RenderToTexture/Macros/RenderToTextureMacros.uasset" 7
"../../../Engine/Content/Functions/Engine_MaterialFunctions01/Opacity/CameraDepthFade.uasset" 8
"../../../Engine/Content/EngineMaterials/T_Default_Material_Grid_M.uasset" 9
"../../../Engine/Content/EngineMaterials/T_Default_Material_Grid_N.uasset" 10
"../../../Engine/Content/EngineMaterials/WorldGridMaterial.uasset" 11
"../../../Engine/Content/ArtTools/RenderToTexture/Meshes/S_1_Unit_Plane.uasset" 12
"../../../Engine/Content/EngineMaterials/DefaultMaterial.uasset" 13
"../../../Engine/Content/BasicShapes/Cone.uasset" 14
"../../../Engine/Content/BasicShapes/Cube.uasset" 15
"../../../Engine/Content/BasicShapes/Cylinder.uasset" 16
"../../../Engine/Content/BasicShapes/Plane.uasset" 17
"../../../Engine/Content/BasicShapes/Sphere.uasset" 18
"../../../Engine/Content/EngineMaterials/DefaultPhysicalMaterial.uasset" 19
"../../../Engine/Content/BufferVisualization/AmbientOcclusion.uasset" 20
"../../../Engine/Content/BufferVisualization/BaseColor.uasset" 21
"../../../Engine/Content/BufferVisualization/CustomDepth.uasset" 22
"../../../Engine/Content/Functions/Engine_MaterialFunctions02/Utility/VectorLength.uasset" 23
"../../../Engine/Content/BufferVisualization/CustomDepthWorldUnits.uasset" 24
"../../../Engine/Content/Functions/Engine_MaterialFunctions02/Utility/BreakOutFloat2Components.uasset" 25
"../../../Engine/Content/Functions/Engine_MaterialFunctions01/Texturing/ScaleUVsByCenter.uasset" 26
"../../../Engine/Content/Functions/Engine_MaterialFunctions02/ScreenResolution.uasset" 27
"../../../Engine/Content/Functions/Engine_MaterialFunctions02/Texturing/ScreenAlignedUVs.uasset" 28
"../../../Engine/Content/Functions/Engine_MaterialFunctions02/Utility/MakeFloat2.uasset" 29
"../../../Engine/Content/Functions/Engine_MaterialFunctions02/Utility/MakeFloat3.uasset" 30
"../../../Engine/Content/EngineMaterials/MiniFont.uasset" 31
"../../../Engine/Content/BufferVisualization/CustomStencil.uasset" 32
"../../../Engine/Content/BufferVisualization/FinalImage.uasset" 33
"../../../Engine/Content/BufferVisualization/LightingModel.uasset" 34
"../../../Engine/Content/BufferVisualization/MaterialAO.uasset" 35
"../../../Engine/Content/BufferVisualization/Metallic.uasset" 36
"../../../Engine/Content/BufferVisualization/Opacity.uasset" 37
"../../../Engine/Content/BufferVisualization/PostTonemapHDRColor.uasset" 38
"../../../Engine/Content/BufferVisualization/PreTonemapHDRColor.uasset" 39
"../../../Engine/Content/BufferVisualization/Roughness.uasset" 40
"../../../Engine/Content/BufferVisualization/SceneColor.uasset" 41
"../../../Engine/Content/BufferVisualization/SceneDepth.uasset" 42
"../../../Engine/Content/BufferVisualization/SceneDepthWorldUnits.uasset" 43
"../../../Engine/Content/BufferVisualization/SeparateTranslucencyA.uasset" 44
"../../../Engine/Content/BufferVisualization/SeparateTranslucencyRGB.uasset" 45
"../../../Engine/Content/BufferVisualization/Specular.uasset" 46
"../../../Engine/Content/BufferVisualization/SubsurfaceColor.uasset" 47
"../../../Engine/Content/BufferVisualization/WorldNormal.uasset" 48
"../../../Engine/Content/EditorLandscapeResources/DataLayer.uasset" 49
"../../../Engine/Content/EditorLandscapeResources/DefaultAlphaTexture.uasset" 50
"../../../Engine/Content/EditorLandscapeResources/LandscapeGizmoHeight_Mat.uasset" 51
"../../../Engine/Content/EditorLandscapeResources/LandscapeGizmo_Mat.uasset" 52
"../../../Engine/Content/EditorLandscapeResources/LandscapeGizmo_Mat_Copied.uasset" 53
"../../../Engine/Content/EditorLandscapeResources/SplineEditorMeshMat.uasset" 54
"../../../Engine/Content/EditorLandscapeResources/SplineEditorMesh.uasset" 55
"../../../Engine/Content/EditorMaterials/Cross.uasset" 56
"../../../Engine/Content/EditorMaterials/Cross_Mat.uasset" 57
"../../../Engine/Content/EditorMaterials/GizmoMaterial.uasset" 58
"../../../Engine/Content/Functions/Engine_MaterialFunctions02/Utility/Sign.uasset" 59
"../../../Engine/Content/Functions/Engine_MaterialFunctions02/Utility/Round.uasset" 60
"../../../Engine/Content/Functions/Engine_MaterialFunctions02/ExampleContent/Textures/flipbook.uasset" 61
"../../../Engine/Content/Functions/Engine_MaterialFunctions02/Texturing/FlipBook.uasset" 62
"../../../Engine/Content/EditorResources/T_EditorHelp.uasset" 63
"../../../Engine/Content/EditorMaterials/HelpActorMaterial.uasset" 64
"../../../Engine/Content/EditorMaterials/CompositeARGBLayer.uasset" 65
"../../../Engine/Content/EditorMaterials/TilingAALineIntegral.uasset" 66
"../../../Engine/Content/EditorMaterials/TilingAALineBoxFiltered.uasset" 67
"../../../Engine/Content/Functions/Engine_MaterialFunctions03/Procedurals/ComputeFilterWidth.uasset" 68
"../../../Engine/Content/EditorMaterials/TilingAADots.uasset" 69
"../../../Engine/Content/EditorMaterials/Cascade/CASC_Cross.uasset" 70
"../../../Engine/Content/EditorMaterials/Cascade/CASC_None.uasset" 71
"../../../Engine/Content/Functions/Engine_MaterialFunctions03/Blends/Blend_Screen.uasset" 72
"../../../Engine/Content/EditorMaterials/TilingAAGrid.uasset" 73
"../../../Engine/Content/EditorMaterials/LevelGridMaterial.uasset" 74
"../../../Engine/Content/EditorMaterials/MakeCompositeARGBLayer.uasset" 75
"../../../Engine/Content/EditorResources/LevelGrid1DStripes.uasset" 76
"../../../Engine/Content/EditorMaterials/TextureGridCascaded1D.uasset" 77
"../../../Engine/Content/EditorMaterials/TextureGridCascaded2D.uasset" 78
"../../../Engine/Content/EditorMaterials/LevelGridMaterial2.uasset" 79
"../../../Engine/Content/EditorMaterials/MAT_Groups_Toggle.uasset" 80
"../../../Engine/Content/EditorMaterials/MAT_Groups_Visibility.uasset" 81
"../../../Engine/Content/EditorMaterials/AntialiasedGridFloor.uasset" 82
"../../../Engine/Content/EditorResources/TilePatine_D.uasset" 83
"../../../Engine/Content/EditorResources/TilePatine_N.uasset" 84
"../../../Engine/Content/EngineMaterials/Grid.uasset" 85
"../../../Engine/Content/EditorMaterials/PersonaFloorMat.uasset" 86
"../../../Engine/Content/EditorMaterials/PhAT_BoneSelectedMaterial.uasset" 87
"../../../Engine/Content/EditorMaterials/PhAT_ElemSelectedMaterial.uasset" 88
"../../../Engine/Content/EditorMaterials/PhAT_NoCollisionMaterial.uasset" 89
"../../../Engine/Content/EditorMaterials/PhAT_UnselectedMaterial.uasset" 90
"../../../Engine/Content/EditorMaterials/PreviewShadowIndicator.uasset" 91
"../../../Engine/Content/EditorMaterials/PreviewShadowIndicatorMaterial.uasset" 92
"../../../Engine/Content/EditorMaterials/TargetIcon.uasset" 93
"../../../Engine/Content/EditorMaterials/Tick.uasset" 94
"../../../Engine/Content/EditorMaterials/Tick_Mat.uasset" 95
"../../../Engine/Content/EditorMaterials/WidgetGridVertexColorMaterial.uasset" 96
"../../../Engine/Content/EditorMaterials/WidgetGridVertexColorMaterial_Ma.uasset" 97
"../../../Engine/Content/EditorMaterials/WidgetMaterial.uasset" 98
"../../../Engine/Content/EditorMaterials/WidgetMaterial_Current.uasset" 99
"../../../Engine/Content/EditorMaterials/WidgetMaterial_X.uasset" 100
"../../../Engine/Content/EditorMaterials/WidgetMaterial_Y.uasset" 101
"../../../Engine/Content/EditorMaterials/WidgetMaterial_Z.uasset" 102
"../../../Engine/Content/EditorMaterials/WidgetVertexColorMaterial.uasset" 103
"../../../Engine/Content/EditorMaterials/MatineeGroups/MAT_ColorTrack.uasset" 104
"../../../Engine/Content/EditorMaterials/MatineeGroups/MAT_Groups_Anim.uasset" 105
"../../../Engine/Content/EditorMaterials/MatineeGroups/MAT_Groups_AudioMaster.uasset" 106
"../../../Engine/Content/EditorMaterials/MatineeGroups/MAT_Groups_Director.uasset" 107
"../../../Engine/Content/EditorMaterials/MatineeGroups/MAT_Groups_Event.uasset" 108
"../../../Engine/Content/EditorMaterials/MatineeGroups/MAT_Groups_Fade.uasset" 109
"../../../Engine/Content/EditorMaterials/MatineeGroups/MAT_Groups_Float.uasset" 110
"../../../Engine/Content/EditorMaterials/MatineeGroups/MAT_Groups_Move.uasset" 111
"../../../Engine/Content/EditorMaterials/MatineeGroups/MAT_Groups_Slomo.uasset" 112
"../../../Engine/Content/EditorMaterials/MatineeGroups/MAT_Groups_Sound.uasset" 113
"../../../Engine/Content/EditorMaterials/MatineeGroups/MAT_Groups_Vector.uasset" 114
"../../../Engine/Content/EditorMaterials/ParticleSystems/PSysThumbnail_NoImage.uasset" 115
"../../../Engine/Content/EditorMaterials/ParticleSystems/PSysThumbnail_OOD.uasset" 116
"../../../Engine/Content/EditorMaterials/Thumbnails/FloorPlaneMaterial.uasset" 117
"../../../Engine/Content/EditorMeshes/EditorCube.uasset" 118
"../../../Engine/Content/EditorMeshes/EditorCylinder.uasset" 119
"../../../Engine/Content/EditorMaterials/Thumbnails/SkySphereMaterial.uasset" 120
"../../../Engine/Content/EditorMeshes/EditorSkySphere.uasset" 121
"../../../Engine/Content/EditorMeshes/EditorSphere.uasset" 122
"../../../Engine/Content/EditorResources/MatineeCam_D.uasset" 123
"../../../Engine/Content/EditorMaterials/MatineeCam_mat.uasset" 124
"../../../Engine/Content/EditorMeshes/MatineeCam_SM.uasset" 125
"../../../Engine/Content/Functions/Engine_MaterialFunctions01/Shading/ConvertFromDiffSpec.uasset" 126
"../../../Engine/Content/EditorMaterials/GridMaterial.uasset" 127
"../../../Engine/Content/EditorMeshes/PhAT_FloorBox.uasset" 128
"../../../Engine/Content/EditorMaterials/Camera/CineMat.uasset" 129
"../../../Engine/Content/EditorMaterials/Camera/MI_CineMat_CameraBody.uasset" 130
"../../../Engine/Content/EngineDebugMaterials/M_SimpleOpaque.uasset" 131
"../../../Engine/Content/EditorMaterials/Camera/MI_CineMat_CamViewFinder.uasset" 132
"../../../Engine/Content/EditorMeshes/Camera/SM_CineCam.uasset" 133
"../../../Engine/Content/EditorMaterials/Camera/MI_CineMat_Rig.uasset" 134
"../../../Engine/Content/EditorMeshes/Camera/SM_CraneRig_Arm.uasset" 135
"../../../Engine/Content/EditorMeshes/Camera/SM_CraneRig_Base.uasset" 136
"../../../Engine/Content/EditorMeshes/Camera/SM_CraneRig_Body.uasset" 137
"../../../Engine/Content/EditorMeshes/Camera/SM_CraneRig_Mount.uasset" 138
"../../../Engine/Content/EditorMeshes/Camera/SM_RailRig_Mount.uasset" 139
"../../../Engine/Content/EditorMeshes/Camera/SM_RailRig_Track.uasset" 140
"../../../Engine/Content/EditorMeshes/ColorCalibrator/M_ChromeBall.uasset" 141
"../../../Engine/Content/EditorMeshes/ColorCalibrator/M_ClearCoat.uasset" 142
"../../../Engine/Content/EditorMeshes/ColorCalibrator/M_ClearCoatBlack.uasset" 143
"../../../Engine/Content/EditorMeshes/ColorCalibrator/Color_checker.uasset" 144
"../../../Engine/Content/EditorMeshes/ColorCalibrator/M_ColorGrid.uasset" 145
"../../../Engine/Content/EditorMeshes/ColorCalibrator/M_GreyBall.uasset" 146
"../../../Engine/Content/EditorMeshes/ColorCalibrator/SM_ColorCalibrator.uasset" 147
"../../../Engine/Content/EditorResources/Bad.uasset" 148
"../../../Engine/Content/EditorResources/BSPVertex.uasset" 149
"../../../Engine/Content/EditorResources/EmptyActor.uasset" 150
"../../../Engine/Content/EditorResources/MatInstActSprite.uasset" 151
"../../../Engine/Content/EditorResources/SceneManager.uasset" 152
"../../../Engine/Content/EditorResources/SmallFont.uasset" 153
"../../../Engine/Content/EditorResources/S_Actor.uasset" 154
"../../../Engine/Content/EditorResources/S_DecalActorIcon.uasset" 155
"../../../Engine/Content/EditorResources/S_Emitter.uasset" 156
"../../../Engine/Content/EditorResources/S_ExpoHeightFog.uasset" 157
"../../../Engine/Content/EditorResources/S_FTest.uasset" 158
"../../../Engine/Content/EditorResources/S_KBSJoint.uasset" 159
"../../../Engine/Content/EditorResources/S_KHinge.uasset" 160
"../../../Engine/Content/EditorResources/S_KPrismatic.uasset" 161
"../../../Engine/Content/EditorResources/S_LevelSequence.uasset" 162
"../../../Engine/Content/EditorResources/S_NavP.uasset" 163
"../../../Engine/Content/EditorResources/S_Note.uasset" 164
"../../../Engine/Content/EditorResources/S_Player.uasset" 165
"../../../Engine/Content/EditorResources/S_PortalActorIcon2.uasset" 166
"../../../Engine/Content/EditorResources/S_RadForce.uasset" 167
"../../../Engine/Content/EditorResources/S_ReflActorIcon.uasset" 168
"../../../Engine/Content/EditorResources/S_Terrain.uasset" 169
"../../../Engine/Content/EditorResources/S_TextRenderActorIcon.uasset" 170
"../../../Engine/Content/EditorResources/S_Thruster.uasset" 171
"../../../Engine/Content/EditorResources/S_Trigger.uasset" 172
"../../../Engine/Content/EditorResources/S_VectorFieldVol.uasset" 173
"../../../Engine/Content/EditorResources/S_WindDirectional.uasset" 174
"../../../Engine/Content/EditorResources/AI/S_NavLink.uasset" 175
"../../../Engine/Content/EditorResources/AudioIcons/S_AudioComponent.uasset" 176
"../../../Engine/Content/EditorResources/LightIcons/SkyLight.uasset" 177
"../../../Engine/Content/EditorResources/LightIcons/S_LightDirectional.uasset" 178
"../../../Engine/Content/EditorResources/LightIcons/S_LightDirectionalMove.uasset" 179
"../../../Engine/Content/EditorResources/LightIcons/S_LightError.uasset" 180
"../../../Engine/Content/EditorResources/LightIcons/S_LightPoint.uasset" 181
"../../../Engine/Content/EditorResources/LightIcons/S_LightPointMove.uasset" 182
"../../../Engine/Content/EditorResources/LightIcons/S_LightSpot.uasset" 183
"../../../Engine/Content/EditorResources/LightIcons/S_LightSpotMove.uasset" 184
"../../../Engine/Content/EditorResources/SequenceRecorder/Countdown.uasset" 185
"../../../Engine/Content/EditorResources/SequenceRecorder/RecordingIndicator.uasset" 186
"../../../Engine/Content/EditorResources/Spline/T_Loft_Spline.uasset" 187
"../../../Engine/Content/EditorSounds/GamePreview/PossessPlayer.uasset" 188
"../../../Engine/Content/EditorSounds/GamePreview/PossessPlayer_Cue.uasset" 189
"../../../Engine/Content/EditorSounds/Notifications/CompileFailed.uasset" 190
"../../../Engine/Content/EditorSounds/Notifications/CompileFailed_Cue.uasset" 191
"../../../Engine/Content/EditorSounds/Notifications/CompileSuccess.uasset" 192
"../../../Engine/Content/EditorSounds/Notifications/CompileStart_Cue.uasset" 193
"../../../Engine/Content/EditorSounds/Notifications/CompileSuccess_Cue.uasset" 194
"../../../Engine/Content/EngineDamageTypes/DmgTypeBP_Environmental.uasset" 195
"../../../Engine/Content/EngineDebugMaterials/HeatmapGradient.uasset" 196
"../../../Engine/Content/EngineDebugMaterials/BoneWeightMaterial.uasset" 197
"../../../Engine/Content/EngineDebugMaterials/ClothMaterial.uasset" 198
"../../../Engine/Content/EngineDebugMaterials/ClothMaterial_WF.uasset" 199
"../../../Engine/Content/EngineDebugMaterials/DebugEditorMaterial.uasset" 200
"../../../Engine/Content/EngineDebugMaterials/DebugMeshMaterial.uasset" 201
"../../../Engine/Content/EngineDebugMaterials/GeomMaterial.uasset" 202
"../../../Engine/Content/EngineDebugMaterials/LevelColorationLitMaterial.uasset" 203
"../../../Engine/Content/EngineDebugMaterials/LevelColorationUnlitMaterial.uasset" 204
"../../../Engine/Content/EngineMaterials/DefaultWhiteGrid.uasset" 205
"../../../Engine/Content/EngineDebugMaterials/MAT_LevelColorationLitLightmapUV.uasset" 206
"../../../Engine/Content/EngineDebugMaterials/M_SimpleTranslucent.uasset" 207
"../../../Engine/Content/EngineDebugMaterials/ShadedLevelColorationLitMaterial.uasset" 208
"../../../Engine/Content/EngineDebugMaterials/ShadedLevelColorationUnlitMateri.uasset" 209
"../../../Engine/Content/EngineDebugMaterials/VertexColorMaterial.uasset" 210
"../../../Engine/Content/EngineDebugMaterials/VertexColorViewMode_AlphaAsColor.uasset" 211
"../../../Engine/Content/EngineDebugMaterials/VertexColorViewMode_BlueOnly.uasset" 212
"../../../Engine/Content/EngineDebugMaterials/VertexColorViewMode_ColorOnly.uasset" 213
"../../../Engine/Content/EngineDebugMaterials/VertexColorViewMode_GreenOnly.uasset" 214
"../../../Engine/Content/EngineDebugMaterials/VertexColorViewMode_RedOnly.uasset" 215
"../../../Engine/Content/EngineDebugMaterials/WireframeMaterial.uasset" 216
"../../../Engine/Content/EngineFonts/Faces/RobotoBold.uasset" 217
"../../../Engine/Content/EngineFonts/Faces/RobotoBoldItalic.uasset" 218
"../../../Engine/Content/EngineFonts/Faces/RobotoItalic.uasset" 219
"../../../Engine/Content/EngineFonts/Faces/RobotoLight.uasset" 220
"../../../Engine/Content/EngineFonts/Faces/RobotoRegular.uasset" 221
"../../../Engine/Content/EngineFonts/Roboto.uasset" 222
"../../../Engine/Content/EngineFonts/Faces/RobotoTiny.uasset" 223
"../../../Engine/Content/EngineFonts/RobotoTiny.uasset" 224
"../../../Engine/Content/EngineFonts/SmallFont.uasset" 225
"../../../Engine/Content/EngineFonts/TinyFont.uasset" 226
"../../../Engine/Content/EngineResources/WhiteSquareTexture.uasset" 227
"../../../Engine/Content/EngineMaterials/BlinkingCaret.uasset" 228
"../../../Engine/Content/EngineMaterials/DefaultBloomKernel.uasset" 229
"../../../Engine/Content/EngineMaterials/DefaultBokeh.uasset" 230
"../../../Engine/Content/EngineMaterials/DefaultDiffuse.uasset" 231
"../../../Engine/Content/EngineMaterials/DefaultDeferredDecalMaterial.uasset" 232
"../../../Engine/Content/EngineMaterials/DefaultLightFunctionMaterial.uasset" 233
"../../../Engine/Content/EngineMaterials/DefaultNormal.uasset" 234
"../../../Engine/Content/EngineMaterials/DefaultPostProcessMaterial.uasset" 235
"../../../Engine/Content/EngineFonts/RobotoDistanceField.uasset" 236
"../../../Engine/Content/EngineMaterials/DefaultTextMaterialOpaque.uasset" 237
"../../../Engine/Content/EngineMaterials/EditorBrushMaterial.uasset" 238
"../../../Engine/Content/EngineMaterials/Good64x64TilingNoiseHighFreq.uasset" 239
"../../../Engine/Content/EngineMaterials/Grid_N.uasset" 240
"../../../Engine/Content/EngineMaterials/HighResolutionScreenshotMaskFunction.uasset" 241
"../../../Engine/Content/EngineMaterials/HighResScreenshot.uasset" 242
"../../../Engine/Content/EngineMaterials/HighResScreenshotCaptureRegion.uasset" 243
"../../../Engine/Content/EngineMaterials/HighResScreenshotMask.uasset" 244
"../../../Engine/Content/EngineMaterials/LandscapeHolePhysicalMaterial.uasset" 245
"../../../Engine/Content/EngineMaterials/InvalidLightmapSettings.uasset" 246
"../../../Engine/Content/EngineMaterials/M_InvalidLightmapSettings.uasset" 247
"../../../Engine/Content/EngineMaterials/PaperDiffuse.uasset" 248
"../../../Engine/Content/EngineMaterials/PaperNormal.uasset" 249
"../../../Engine/Content/Functions/Engine_MaterialFunctions02/WorldPositionOffset/CameraOffset.uasset" 250
"../../../Engine/Content/EngineMaterials/PhAT_JointLimitMaterial.uasset" 251
"../../../Engine/Content/EngineMaterials/PhysMat_Rubber.uasset" 252
"../../../Engine/Content/EngineMaterials/PreintegratedSkinBRDF.uasset" 253
"../../../Engine/Content/EngineMaterials/RemoveSurfaceMaterial.uasset" 254
"../../../Engine/Content/EngineMaterials/WeightMapPlaceholderTexture.uasset" 255
"../../../Engine/Content/EngineMaterials/Widget3DPassThrough.uasset" 256
"../../../Engine/Content/EngineMaterials/Widget3DPassThrough_Masked.uasset" 257
"../../../Engine/Content/EngineMaterials/Widget3DPassThrough_Opaque.uasset" 258
"../../../Engine/Content/EngineMaterials/Widget3DPassThrough_Masked_OneSided.uasset" 259
"../../../Engine/Content/EngineMaterials/Widget3DPassThrough_Opaque_OneSided.uasset" 260
"../../../Engine/Content/EngineMaterials/Widget3DPassThrough_Translucent.uasset" 261
"../../../Engine/Content/EngineMaterials/Widget3DPassThrough_Translucent_OneSided.uasset" 262
"../../../Engine/Content/EngineMeshes/Cube.uasset" 263
"../../../Engine/Content/EngineMeshes/Cylinder.uasset" 264
"../../../Engine/Content/EngineMeshes/Sphere.uasset" 265
"../../../Engine/Content/EngineResources/Black.uasset" 266
"../../../Engine/Content/EngineResources/DefaultTexture.uasset" 267
"../../../Engine/Content/EngineResources/DefaultTextureCube.uasset" 268
"../../../Engine/Content/EngineResources/GradientTexture0.uasset" 269
"../../../Engine/Content/EngineResources/StreamingPauseIcon.uasset" 270
"../../../Engine/Content/EngineResources/M_StreamingPause.uasset" 271
"../../../Engine/Content/EngineSounds/Master.uasset" 272
"../../../Engine/Content/Functions/Engine_MaterialFunctions01/Shading/PowerToRoughness.uasset" 273
"../../../Engine/Content/Maps/Templates/Thumbnails/Default.uasset" 274
"../../../Engine/Content/Maps/Templates/Thumbnails/VR-Basic.uasset" 275
"../../../Engine/Content/MapTemplates/Sky/DaylightAmbientCubemap.uasset" 276
"../../../Engine/Content/MobileResources/T_MobileControls_texture.uasset" 277
"../../../Engine/Content/MobileResources/T_MobileMenu2.uasset" 278
"../../../Engine/Content/MobileResources/HUD/AnalogHat.uasset" 279
"../../../Engine/Content/MobileResources/HUD/VirtualJoystick_Background.uasset" 280
"../../../Engine/Content/MobileResources/HUD/VirtualJoystick_Thumb.uasset" 281
"../../../Engine/Content/MobileResources/HUD/DefaultVirtualJoysticks.uasset" 282
"../../../Engine/Content/MobileResources/HUD/LeftVirtualJoystickOnly.uasset" 283
"../../../Engine/Content/MobileResources/HUD/MobileHUDButton1_off.uasset" 284
"../../../Engine/Content/MobileResources/HUD/MobileHUDButton1_on.uasset" 285
"../../../Engine/Content/MobileResources/HUD/MobileHUDButton2_off.uasset" 286
"../../../Engine/Content/MobileResources/HUD/MobileHUDButton2_on.uasset" 287
"../../../Engine/Content/MobileResources/HUD/MobileHUDButton3.uasset" 288
"../../../Engine/Content/MobileResources/HUD/MobileHUDButtonFire.uasset" 289
"../../../Engine/Content/MobileResources/HUD/MobileHUDDirectionPad.uasset" 290
"../../../Engine/Content/MobileResources/HUD/MobileHUDDirectionPad2.uasset" 291
"../../../Engine/Content/MobileResources/HUD/MobileHUDDirectionPad3.uasset" 292
"../../../Engine/Content/MobileResources/HUD/MobileHUDDirectionStick.uasset" 293
"../../../Engine/Content/MobileResources/HUD/T_Castle_ThumbstickInner.uasset" 294
"../../../Engine/Content/MobileResources/HUD/T_Castle_ThumbstickOutter.uasset" 295
"../../../Engine/Content/Tutorial/ContentIntroCurve.uasset" 296
"../../../Engine/Content/Tutorial/Basics/TutorialAssets/CameraActor_64x.uasset" 297
"../../../Engine/Content/Tutorial/Basics/TutorialAssets/icon_tab_Levels_40x.uasset" 298
"../../../Engine/Content/Tutorial/BlueprintTutorials/TutorialAssets/BlueprintInterface_64x.uasset" 299
"../../../Engine/Content/Tutorial/BlueprintTutorials/TutorialAssets/BlueprintMacroLibrary_64x.uasset" 300
"../../../Engine/Content/Tutorial/BlueprintTutorials/TutorialAssets/Blueprint_64x.uasset" 301
"../../../Engine/Content/Tutorial/BlueprintTutorials/TutorialAssets/Tutorial_BP_Interface.uasset" 302
"../../../Engine/Content/Tutorial/Foliage/TutorialAssets/Foliage.uasset" 303
"../../../Engine/Content/Tutorial/Landscape/TutorialAssets/Landscape.uasset" 304
"../../../Engine/Content/Tutorial/Paper2D/TutorialAssets/Paper2DFlipbook_TutorialIcon.uasset" 305
"../../../Engine/Content/Tutorial/Paper2D/TutorialAssets/Paper2DSprite_TutorialIcon.uasset" 306
"../../../Engine/Content/Tutorial/SubEditors/TutorialAssets/icon_Editor_Preferences_General_40x.uasset" 307
"../../../Engine/Content/Tutorial/SubEditors/TutorialAssets/icon_ShowSkeletalMeshes_40x.uasset" 308
"../../../Engine/Content/Tutorial/SubEditors/TutorialAssets/TutorialMaterial.uasset" 309
"../../../Engine/Content/Tutorial/SubEditors/TutorialAssets/T_SmokeSubUV_8X8.uasset" 310
"../../../Engine/Content/Tutorial/SubEditors/TutorialAssets/T_soft_smoke.uasset" 311
"../../../Engine/Content/Tutorial/SubEditors/TutorialAssets/M_smoke_subUV_blackbody.uasset" 312
"../../../Engine/Content/Tutorial/SubEditors/TutorialAssets/TutorialParticleSystem.uasset" 313
"../../../Engine/Content/VREditor/BasicMeshes/T_CleanFloorGrunge_01_D.uasset" 314
"../../../Engine/Content/VREditor/BasicMeshes/M_Floor_01.uasset" 315
"../../../Engine/Content/VREditor/BasicMeshes/MI_Cube_02.uasset" 316
"../../../Engine/Content/VREditor/BasicMeshes/SM_Cube_02.uasset" 317
"../../../Engine/Content/VREditor/Devices/Generic/GenericHMDMaterial.uasset" 318
"../../../Engine/Content/VREditor/Devices/Generic/GenericHMD.uasset" 319
"../../../Engine/Content/VREditor/FloatingText/LineMaterial.uasset" 320
"../../../Engine/Content/VREditor/FloatingText/JointSphere.uasset" 321
"../../../Engine/Content/VREditor/FloatingText/LineSegmentCylinder.uasset" 322
"../../../Engine/Content/VREditor/Fonts/VRText_RobotoLarge.uasset" 323
"../../../Engine/Content/VREditor/Fonts/VRTextMaterial.uasset" 324
"../../../Engine/Content/VREditor/Fonts/TranslucentVRTextMaterial.uasset" 325
"../../../Engine/Content/VREditor/LaserPointer/CursorPointer.uasset" 326
"../../../Engine/Content/VREditor/LaserPointer/VR_LaserPower_01.uasset" 327
"../../../Engine/Content/VREditor/TransformGizmo/TransformGizmoMaterial.uasset" 328
"../../../Engine/Content/VREditor/LaserPointer/HoverMaterial.uasset" 329
"../../../Engine/Content/VREditor/TransformGizmo/TranslucentTransformGizmoMaterial.uasset" 330
"../../../Engine/Content/VREditor/LaserPointer/TranslucentHoverMaterial.uasset" 331
"../../../Engine/Content/VREditor/LaserPointer/HoverMesh.uasset" 332
"../../../Engine/Content/VREditor/LaserPointer/LaserPointerMaterial.uasset" 333
"../../../Engine/Content/VREditor/LaserPointer/LaserPointerMaterialInst.uasset" 334
"../../../Engine/Content/VREditor/LaserPointer/TranslucentLaserPointerMaterialInst.uasset" 335
"../../../Engine/Content/VREditor/LaserPointer/LaserPointerMesh.uasset" 336
"../../../Engine/Content/VREditor/LaserPointer/LaserPointerMesh_End.uasset" 337
"../../../Engine/Content/VREditor/LaserPointer/LaserPointerMesh_Start.uasset" 338
"../../../Engine/Content/Functions/Engine_MaterialFunctions02/Utility/BreakOutFloat3Components.uasset" 339
"../../../Engine/Content/Functions/Engine_MaterialFunctions02/Math/Transform3x3Matrix.uasset" 340
"../../../Engine/Content/Functions/Engine_MaterialFunctions02/SplitComponents.uasset" 341
"../../../Engine/Content/VREditor/SnapGrid/SnapGridMaterial.uasset" 342
"../../../Engine/Content/VREditor/SnapGrid/SnapGridPlaneMesh.uasset" 343
"../../../Engine/Content/VREditor/Sounds/VR_teleport.uasset" 344
"../../../Engine/Content/VREditor/Sounds/UI/Click_on_Button_Cue.uasset" 345
"../../../Engine/Content/VREditor/Sounds/UI/Dockable_Window_Close.uasset" 346
"../../../Engine/Content/VREditor/Sounds/UI/Dockable_Window_Drop.uasset" 347
"../../../Engine/Content/VREditor/Sounds/UI/Dockable_Window_Open.uasset" 348
"../../../Engine/Content/VREditor/Sounds/UI/Dockable_Window_Pick_Up.uasset" 349
"../../../Engine/Content/VREditor/Sounds/UI/Drop_Item_From_ContentBrowser.uasset" 350
"../../../Engine/Content/VREditor/Sounds/UI/Floating_UI_Open-001.uasset" 351
"../../../Engine/Content/VREditor/Sounds/UI/Gizmo_Handle_Clicked.uasset" 352
"../../../Engine/Content/VREditor/Sounds/UI/Object_PickUp.uasset" 353
"../../../Engine/Content/VREditor/Sounds/UI/Object_Snaps_To_Another_Actor.uasset" 354
"../../../Engine/Content/VREditor/Sounds/UI/Object_Snaps_To_Grid.uasset" 355
"../../../Engine/Content/VREditor/Sounds/UI/Radial_Menu_FadeOut.uasset" 356
"../../../Engine/Content/VREditor/Sounds/UI/Scaling_Down.uasset" 357
"../../../Engine/Content/VREditor/Sounds/UI/Scaling_Up.uasset" 358
"../../../Engine/Content/VREditor/Sounds/UI/Selection_Changes.uasset" 359
"../../../Engine/Content/VREditor/Sounds/UI/Teleport_Mode_Entered.uasset" 360
"../../../Engine/Content/VREditor/Teleport/TeleportDirectionMaterial.uasset" 361
"../../../Engine/Content/VREditor/Teleport/TeleportDirectionMaterial_Inst.uasset" 362
"../../../Engine/Content/VREditor/Teleport/TeleportDirectionMesh.uasset" 363
"../../../Engine/Content/VREditor/TransformGizmo/BoundingBoxCorner.uasset" 364
"../../../Engine/Content/VREditor/TransformGizmo/BoundingBoxEdge.uasset" 365
"../../../Engine/Content/VREditor/TransformGizmo/PlaneTranslationHandle.uasset" 366
"../../../Engine/Content/VREditor/TransformGizmo/RotationHandleFull.uasset" 367
"../../../Engine/Content/VREditor/TransformGizmo/RotationHandleIndicator.uasset" 368
"../../../Engine/Content/VREditor/TransformGizmo/RotationHandleQuarter.uasset" 369
"../../../Engine/Content/VREditor/TransformGizmo/Main.uasset" 370
"../../../Engine/Content/VREditor/TransformGizmo/Xray.uasset" 371
"../../../Engine/Content/VREditor/TransformGizmo/SM_Dialog_Close.uasset" 372
"../../../Engine/Content/VREditor/TransformGizmo/SM_Dialog_Move.uasset" 373
"../../../Engine/Content/VREditor/TransformGizmo/SM_Sequencer_Key.uasset" 374
"../../../Engine/Content/VREditor/TransformGizmo/SM_Sequencer_Node.uasset" 375
"../../../Engine/Content/VREditor/TransformGizmo/StartRotationHandleIndicator.uasset" 376
"../../../Engine/Content/VREditor/TransformGizmo/TranslucentTransformGizmoMaterial_Inst.uasset" 377
"../../../Engine/Content/VREditor/TransformGizmo/TransformGizmoFreeRotation.uasset" 378
"../../../Engine/Content/VREditor/TransformGizmo/TransformGizmoMaterial_Inst.uasset" 379
"../../../Engine/Content/VREditor/TransformGizmo/TranslateArrowHandle.uasset" 380
"../../../Engine/Content/VREditor/TransformGizmo/UniformScaleHandle.uasset" 381
"../../../Engine/Content/VREditor/UI/KeyDiskMaterial.uasset" 382
"../../../Engine/Content/VREditor/UI/DiscMaterial.uasset" 383
"../../../Engine/Content/VREditor/UI/SM_Radial_Disk.uasset" 384
"../../../Engine/Content/Functions/Engine_MaterialFunctions01/Gradient/RadialGradient.uasset" 385
"../../../Engine/Content/VREditor/WorldMovementGrid/SimpleGrid.uasset" 386
"../../../Engine/Content/VREditor/WorldMovementGrid/GridMaterial.uasset" 387
"../../../Engine/Content/Functions/Engine_MaterialFunctions01/Density/ExponentialDensity.uasset" 388
"../../../Engine/Content/VREditor/WorldMovementGrid/GridPostProcess.uasset" 389
"../../../Engine/Content/EditorLandscapeResources/FlattenHeightMat.uasset" 390
"../../../Engine/Content/VREditor/WorldMovementGrid/PlaneMesh.uasset" 391
"../../../UVminigame_level/Content/ExampleContent/Audio/Audio/Sound_Actor_Usage/Ambient_Cave_Wind05.uasset" 392
"../../../UVminigame_level/Content/Assets/Audio/Ambient_Cave_Wind05_Cue.uasset" 393
"../../../UVminigame_level/Content/ExampleContent/Audio/Audio/Sound_Actor_Usage/Ambient_Fire01.uasset" 394
"../../../UVminigame_level/Content/Assets/Audio/Ambient_Fire01_Cue.uasset" 395
"../../../UVminigame_level/Content/ExampleContent/Effects/Textures/T_Sunflare.uasset" 396
"../../../UVminigame_level/Content/ExampleContent/Effects/Materials/m_flare_03.uasset" 397
"../../../UVminigame_level/Content/ExampleContent/Input_Examples/Materials/M_Pixel_Cube_Particle.uasset" 398
"../../../Engine/Content/EngineMaterials/EmissiveTexturedMaterial.uasset" 399
"../../../Engine/Content/EngineMeshes/ParticleCube.uasset" 400
"../../../UVminigame_level/Content/ExampleContent/Input_Examples/Effects/P_Pixel_Explosion_Enemy.uasset" 401
"../../../UVminigame_level/Content/ExampleContent/Input_Examples/Materials/M_Pixel_Cube.uasset" 402
"../../../UVminigame_level/Content/ExampleContent/Input_Examples/Materials/M_Pixel_Cube_Enemy_Inst.uasset" 403
"../../../UVminigame_level/Content/ExampleContent/Input_Examples/Materials/M_Pixel_Cube_Enemy_2_Inst.uasset" 404
"../../../UVminigame_level/Content/user/SM_Pixel_Enemy_1.uasset" 405
"../../../UVminigame_level/Content/user/bow_enemy_char.uasset" 406
"../../../UVminigame_level/Content/ExampleContent/MaterialInstances/Materials/M_Arrows.uasset" 407
"../../../UVminigame_level/Content/ExampleContent/AnimationDemo/BluePrints/BP_Slider.uasset" 408
"../../../Engine/Content/EditorMeshes/EditorPlane.uasset" 409
"../../../UVminigame_level/Content/ExampleContent/Math_Hall/Blueprint/BP_Graph_Enum.uasset" 410
"../../../UVminigame_level/Content/ExampleContent/Math_Hall/Blueprint/BP_Graph.uasset" 411
"../../../UVminigame_level/Content/ExampleContent/Blueprints/Materials/M_Orange_Shiny.uasset" 412
"../../../UVminigame_level/Content/ExampleContent/Blueprints/Meshes/SM_Button.uasset" 413
"../../../UVminigame_level/Content/ExampleContent/Blueprints/Meshes/SM_Button_Base.uasset" 414
"../../../UVminigame_level/Content/ExampleContent/Blueprints/Blueprints/BP_Button_Counter.uasset" 415
"../../../UVminigame_level/Content/Animations/Run_Fwd.uasset" 416
"../../../UVminigame_level/Content/ExampleContent/Physics/Blueprints/PhysicsAnimationBlendingHittReaction.uasset" 417
"../../../UVminigame_level/Content/Blueprints/PlayerCharacter.uasset" 418
"../../../UVminigame_level/Content/ExampleContent/Blueprint_Communication/Textures/T_Crosshair_M.uasset" 419
"../../../UVminigame_level/Content/ExampleContent/Blueprint_Communication/Materials/M_Crosshair.uasset" 420
"../../../UVminigame_level/Content/ExampleContent/Physics/Blueprints/Hud_forPhysicsDemo.uasset" 421
"../../../UVminigame_level/Content/ExampleContent/Physics/Blueprints/PhysicsDemoPlayerController.uasset" 422
"../../../UVminigame_level/Content/Blueprints/CE_Game.uasset" 423
"../../../UVminigame_level/Content/ExampleContent/AnimationDemo/Meshes/Owen_Skeleton.uasset" 424
"../../../UVminigame_level/Content/ExampleContent/AnimationDemo/Animations/JumpingJacks.uasset" 425
"../../../UVminigame_level/Content/ExampleContent/AnimationDemo/AnimBlueprint/Owen_OverrideExample_Parent.uasset" 426
"../../../UVminigame_level/Content/ExampleContent/Audio/Audio/Sound_Actor_Usage/Ambient_Cave_Wind02.uasset" 427
"../../../UVminigame_level/Content/ExampleContent/Audio/Audio/Sound_Actor_Usage/Ambient_Cave_Wind04.uasset" 428
"../../../UVminigame_level/Content/ExampleContent/Blueprints/BP_FlowControl_Enum.uasset" 429
"../../../UVminigame_level/Content/ExampleContent/Blueprints/Materials/M_Pickup_Health.uasset" 430
"../../../UVminigame_level/Content/ExampleContent/Blueprints/Meshes/SM_Pickup_Health.uasset" 431
"../../../UVminigame_level/Content/ExampleContent/Blueprints/Blueprints/BP_Pickup_Parent.uasset" 432
"../../../UVminigame_level/Content/ExampleContent/Blueprint_Communication/Textures/T_Battery_M.uasset" 433
"../../../UVminigame_level/Content/ExampleContent/Blueprint_Communication/Materials/M_Battery.uasset" 434
"../../../UVminigame_level/Content/ExampleContent/Blueprint_Communication/Meshes/SM_Battery_Big.uasset" 435
"../../../UVminigame_level/Content/ExampleContent/Blueprint_Communication/Meshes/SM_Battery_Medium.uasset" 436
"../../../UVminigame_level/Content/ExampleContent/Blueprint_Communication/Blueprints/BP_Battery.uasset" 437
"../../../UVminigame_level/Content/ExampleContent/Input_Examples/Effects/P_Pixel_Explosion.uasset" 438
"../../../UVminigame_level/Content/ExampleContent/Input_Examples/Meshes/SM_Pixel_Cube.uasset" 439
"../../../UVminigame_level/Content/ExampleContent/Input_Examples/Blueprints/BP_Pixel_Projectile.uasset" 440
"../../../UVminigame_level/Content/ExampleContent/Input_Examples/Meshes/SM_Pixel_Enemy_1.uasset" 441
"../../../UVminigame_level/Content/ExampleContent/Input_Examples/Blueprints/BP_Pixel_Ship_Enemy.uasset" 442
"../../../UVminigame_level/Content/ExampleContent/AnimationDemo/Meshes/M_MALE_Base_Skeleton.uasset" 443
"../../../UVminigame_level/Content/ExampleContent/AnimationDemo/Meshes/SK_L_MALE_Base.uasset" 444
"../../../UVminigame_level/Content/ExampleContent/Navmesh/Blueprints/BP_AI_Pawn.uasset" 445
"../../../UVminigame_level/Content/ExampleContent/NetworkFeatures/Materials/T_Pixel_Noise.uasset" 446
"../../../UVminigame_level/Content/ExampleContent/NetworkFeatures/Materials/M_Ghost_Body.uasset" 447
"../../../UVminigame_level/Content/ExampleContent/NetworkFeatures/Meshes/SM_Ghost.uasset" 448
"../../../UVminigame_level/Content/ExampleContent/NetworkFeatures/Blueprints/BP_Ghost_NoReplicates.uasset" 449
"../../../UVminigame_level/Content/ExampleContent/NetworkFeatures/Blueprints/BP_Ghost_Replicates.uasset" 450
"../../../Engine/Content/EditorBlueprintResources/ActorMacros.uasset" 451
"../../../UVminigame_level/Content/ExampleContent/Input_Examples/Materials/M_Radial_Gradient.uasset" 452
"../../../Engine/Content/EngineVolumetrics/LightBeam/Materials/T_EV_LightBeam_Falloff_03.uasset" 453
"../../../UVminigame_level/Content/ExampleContent/Input_Examples/Textures/T_Space.uasset" 454
"../../../UVminigame_level/Content/ExampleContent/NetworkFeatures/Materials/M_Energy_Burst.uasset" 455
"../../../UVminigame_level/Content/ExampleContent/NetworkFeatures/Materials/T_Treasure_N.uasset" 456
"../../../UVminigame_level/Content/ExampleContent/NetworkFeatures/Materials/M_Gold_Pile.uasset" 457
"../../../UVminigame_level/Content/ExampleContent/NetworkFeatures/Meshes/SM_Coin_Small.uasset" 458
"../../../UVminigame_level/Content/ExampleContent/NetworkFeatures/Meshes/SM_Open_Square.uasset" 459
"../../../UVminigame_level/Content/ExampleContent/NetworkFeatures/Effects/P_Treasure_Burst.uasset" 460
"../../../UVminigame_level/Content/ExampleContent/NetworkFeatures/Materials/T_Treasure_Chest_M.uasset" 461
"../../../UVminigame_level/Content/ExampleContent/NetworkFeatures/Materials/T_Treasure_Chest_N.uasset" 462
"../../../UVminigame_level/Content/ExampleContent/NetworkFeatures/Materials/M_Treasure_Chest.uasset" 463
"../../../UVminigame_level/Content/ExampleContent/NetworkFeatures/Meshes/SM_Chest_Bottom.uasset" 464
"../../../UVminigame_level/Content/ExampleContent/NetworkFeatures/Meshes/SM_Chest_Lid.uasset" 465
"../../../UVminigame_level/Content/ExampleContent/NetworkFeatures/Meshes/SM_Treasure_Pile.uasset" 466
"../../../UVminigame_level/Content/ExampleContent/NetworkFeatures/Blueprints/BP_Relevancy_Replication_None.uasset" 467
"../../../UVminigame_level/Content/ExampleContent/UMG/Races.uasset" 468
"../../../UVminigame_level/Content/FirstPerson/Character/Mesh/SK_Mannequin_Arms_Skeleton.uasset" 469
"../../../UVminigame_level/Content/FirstPerson/Animations/FirstPerson_Idle.uasset" 470
"../../../UVminigame_level/Content/FirstPerson/Animations/FirstPerson_JumpEnd.uasset" 471
"../../../UVminigame_level/Content/FirstPerson/Animations/FirstPerson_JumpLoop.uasset" 472
"../../../UVminigame_level/Content/FirstPerson/Animations/FirstPerson_JumpStart.uasset" 473
"../../../UVminigame_level/Content/FirstPerson/Animations/FirstPerson_Run.uasset" 474
"../../../UVminigame_level/Content/FirstPerson/Animations/FirstPerson_AnimBP.uasset" 475
"../../../UVminigame_level/Content/FirstPerson/Animations/FirstPerson_Fire.uasset" 476
"../../../UVminigame_level/Content/FirstPerson/Animations/FirstPersonFire_Montage.uasset" 477
"../../../UVminigame_level/Content/FirstPerson/Meshes/BaseMaterial.uasset" 478
"../../../UVminigame_level/Content/FirstPerson/Meshes/FirstPersonProjectileMaterial.uasset" 479
"../../../UVminigame_level/Content/FirstPerson/Meshes/FirstPersonProjectileMesh.uasset" 480
"../../../UVminigame_level/Content/FirstPersonBP/Blueprints/FirstPersonProjectile.uasset" 481
"../../../UVminigame_level/Content/FirstPerson/Audio/FirstPersonTemplateWeaponFire02.uasset" 482
"../../../Engine/Content/Functions/Engine_MaterialFunctions02/Utility/BlendAngleCorrectedNormals.uasset" 483
"../../../Engine/Content/Functions/MaterialLayerFunctions/MatLayerBlend_NormalBlend.uasset" 484
"../../../Engine/Content/Functions/MaterialLayerFunctions/MatLayerBlend_Simple.uasset" 485
"../../../UVminigame_level/Content/FirstPerson/Character/Materials/MaterialLayers/T_ML_Rubber_Blue_01_D.uasset" 486
"../../../UVminigame_level/Content/FirstPerson/Character/Materials/MaterialLayers/T_ML_Rubber_Blue_01_N.uasset" 487
"../../../UVminigame_level/Content/FirstPerson/Character/Materials/MaterialLayers/ML_GlossyBlack_Latex_UE4.uasset" 488
"../../../UVminigame_level/Content/FirstPerson/Character/Materials/MaterialLayers/ML_Plastic_Shiny_Beige.uasset" 489
"../../../UVminigame_level/Content/FirstPerson/Character/Textures/UE4_LOGO_CARD.uasset" 490
"../../../UVminigame_level/Content/FirstPerson/Character/Materials/MaterialLayers/ML_Plastic_Shiny_Beige_LOGO.uasset" 491
"../../../UVminigame_level/Content/FirstPerson/Character/Materials/MaterialLayers/T_ML_Aluminum01.uasset" 492
"../../../UVminigame_level/Content/FirstPerson/Character/Materials/MaterialLayers/T_ML_Aluminum01_N.uasset" 493
"../../../UVminigame_level/Content/FirstPerson/Character/Materials/MaterialLayers/ML_SoftMetal_UE4.uasset" 494
"../../../UVminigame_level/Content/FirstPerson/Character/Textures/UE4_Mannequin__normals.uasset" 495
"../../../UVminigame_level/Content/FirstPerson/Character/Textures/UE4_Mannequin_MAT_MASKA.uasset" 496
"../../../UVminigame_level/Content/FirstPerson/Character/Materials/M_UE4Man_Body.uasset" 497
"../../../UVminigame_level/Content/FirstPerson/Character/Mesh/SK_Mannequin_Arms_PhysicsAsset.uasset" 498
"../../../UVminigame_level/Content/FirstPerson/Character/Mesh/SK_Mannequin_Arms.uasset" 499
"../../../UVminigame_level/Content/FirstPerson/FPWeapon/Materials/MaterialLayers/T_ML_Rubber_Blue_01_D.uasset" 500
"../../../UVminigame_level/Content/FirstPerson/FPWeapon/Materials/MaterialLayers/T_ML_Rubber_Blue_01_N.uasset" 501
"../../../UVminigame_level/Content/FirstPerson/FPWeapon/Materials/MaterialLayers/ML_GlossyBlack_Latex_UE4.uasset" 502
"../../../UVminigame_level/Content/FirstPerson/FPWeapon/Materials/MaterialLayers/ML_Plastic_Shiny_Beige.uasset" 503
"../../../UVminigame_level/Content/FirstPerson/FPWeapon/Materials/MaterialLayers/ML_Screen.uasset" 504
"../../../UVminigame_level/Content/FirstPerson/FPWeapon/Materials/MaterialLayers/T_ML_Aluminum01.uasset" 505
"../../../UVminigame_level/Content/FirstPerson/FPWeapon/Materials/MaterialLayers/T_ML_Aluminum01_N.uasset" 506
"../../../UVminigame_level/Content/FirstPerson/FPWeapon/Materials/MaterialLayers/ML_SoftMetal_UE4.uasset" 507
"../../../UVminigame_level/Content/FirstPerson/FPWeapon/Textures/T_FPGun_M.uasset" 508
"../../../UVminigame_level/Content/FirstPerson/FPWeapon/Textures/T_FPGun_N.uasset" 509
"../../../UVminigame_level/Content/FirstPerson/FPWeapon/Materials/M_FPGun.uasset" 510
"../../../UVminigame_level/Content/FirstPerson/FPWeapon/Mesh/SK_FPGun_Skeleton.uasset" 511
"../../../UVminigame_level/Content/FirstPerson/FPWeapon/Mesh/SK_FPGun.uasset" 512
"../../../UVminigame_level/Content/FirstPersonBP/Blueprints/FirstPersonCharacter.uasset" 513
"../../../UVminigame_level/Content/FirstPerson/Textures/FirstPersonCrosshair.uasset" 514
"../../../UVminigame_level/Content/FirstPersonBP/Blueprints/FirstPersonHUD.uasset" 515
"../../../UVminigame_level/Content/FirstPersonBP/Blueprints/FirstPersonGameMode.uasset" 516
"../../../UVminigame_level/Content/user/bow_enemy.uasset" 517
"../../../UVminigame_level/Content/user/BP_Pixel_Ship_Enemy.uasset" 518
"../../../UVminigame_level/Content/user/Player_bow.uasset" 519
"../../../UVminigame_level/Content/VirtualRealityBP/Blueprints/GripEnum.uasset" 520
"../../../Engine/Plugins/2D/Paper2D/Content/PlaceholderTextures/DummySpriteTexture.uasset" 521
"../../../Engine/Plugins/2D/Paper2D/Content/DummySprite.uasset" 522
"../../../Engine/Plugins/2D/Paper2D/Content/DefaultPaperTerrainMaterial.uasset" 523
"../../../Engine/Plugins/2D/Paper2D/Content/DefaultSpriteMaterial.uasset" 524
"../../../Engine/Plugins/2D/Paper2D/Content/MaskedUnlitSpriteMaterial.uasset" 525
"../../../Engine/Plugins/2D/Paper2D/Content/OpaqueUnlitSpriteMaterial.uasset" 526
"../../../Engine/Plugins/Media/MediaCompositing/Content/DefaultMediaPlaneMaterial.uasset" 527
"../../../Engine/Content/Functions/Engine_MaterialFunctions02/Utility/MakeFloat4.uasset" 528
"../../../Engine/Plugins/Runtime/AppleARKit/Content/ARKitCameraMaterial.uasset" 529
"../../../Engine/Plugins/Runtime/Oculus/OculusVR/Content/Textures/GearVRController_AO.uasset" 530
"../../../Engine/Plugins/Runtime/Oculus/OculusVR/Content/Textures/GearVRController_Color.uasset" 531
"../../../Engine/Plugins/Runtime/Oculus/OculusVR/Content/Textures/GearVRController_Normal.uasset" 532
"../../../Engine/Plugins/Runtime/Oculus/OculusVR/Content/Materials/GearVRControllerMaterial.uasset" 533
"../../../Engine/Plugins/Runtime/Oculus/OculusVR/Content/Meshes/GearVrController.uasset" 534
"../../../Engine/Content/Maps/Entry.umap" 535
"../../../UVminigame_level/Content/ExampleContent/Blueprints/Meshes/SM_Doorframe.uasset" 536
"../../../UVminigame_level/Content/Assets/Audio/Blueprints_TextPop01.uasset" 537
"../../../UVminigame_level/Content/ReDvGaMe/Audio/DoorOpen_cue.uasset" 538
"../../../UVminigame_level/Content/StarterContent/Materials/M_Glass.uasset" 539
"../../../UVminigame_level/Content/StarterContent/Textures/T_Door_M.uasset" 540
"../../../UVminigame_level/Content/StarterContent/Textures/T_Door_N.uasset" 541
"../../../UVminigame_level/Content/StarterContent/Props/Materials/M_Door.uasset" 542
"../../../UVminigame_level/Content/StarterContent/Props/SM_Door.uasset" 543
"../../../UVminigame_level/Content/ExampleContent/Blueprints/Blueprints/BP_glass_Door.uasset" 544
"../../../Engine/Content/EngineSky/C_Sky_Cloud_Color.uasset" 545
"../../../Engine/Content/EngineSky/C_Sky_Horizon_Color.uasset" 546
"../../../Engine/Content/EngineSky/C_Sky_Zenith_Color.uasset" 547
"../../../Engine/Content/EngineSky/T_Sky_Blue.uasset" 548
"../../../Engine/Content/EngineSky/T_Sky_Clouds_M.uasset" 549
"../../../Engine/Content/EngineSky/T_Sky_Stars.uasset" 550
"../../../Engine/Content/EngineSky/M_Sky_Panning_Clouds2.uasset" 551
"../../../Engine/Content/EngineSky/SM_SkySphere.uasset" 552
"../../../Engine/Content/EngineSky/BP_Sky_Sphere.uasset" 553
"../../../UVminigame_level/Content/StarterContent/Textures/T_Lamp_M.uasset" 554
"../../../UVminigame_level/Content/StarterContent/Textures/T_Lamp_N.uasset" 555
"../../../UVminigame_level/Content/StarterContent/Props/Materials/M_Lamp.uasset" 556
"../../../UVminigame_level/Content/StarterContent/Props/SM_Lamp_Ceiling.uasset" 557
"../../../UVminigame_level/Content/StarterContent/Blueprints/Blueprint_CeilingLight.uasset" 558
"../../../UVminigame_level/Content/StarterContent/Props/SM_Lamp_Wall.uasset" 559
"../../../UVminigame_level/Content/StarterContent/Blueprints/Blueprint_WallSconce.uasset" 560
"../../../UVminigame_level/Content/user/EnemyAI.uasset" 561
"../../../UVminigame_level/Content/user/bow_enemy_BP.uasset" 562
"../../../UVminigame_level/Content/user/EnemySpawner_BP.uasset" 563
"../../../UVminigame_level/Content/user/BowMode.uasset" 564
"../../../UVminigame_level/Content/user/MoveLevel_BP.uasset" 565
"../../../UVminigame_level/Content/Officelevel_BuiltData.uasset" 566
"../../../UVminigame_level/Content/Assets/Textures/Sky54a2048.uasset" 567
"../../../UVminigame_level/Content/Assets/Textures/T_Sky54a2048LDR.uasset" 568
"../../../UVminigame_level/Content/Assets/Textures/M_Sky.uasset" 569
"../../../UVminigame_level/Content/StarterContent/Materials/M_Basic_Floor.uasset" 570
"../../../UVminigame_level/Content/StarterContent/Materials/M_Basic_Wall.uasset" 571
"../../../UVminigame_level/Content/StarterContent/Textures/T_Brick_Clay_New_D.uasset" 572
"../../../UVminigame_level/Content/StarterContent/Textures/T_Brick_Clay_New_M.uasset" 573
"../../../UVminigame_level/Content/StarterContent/Textures/T_Brick_Clay_New_N.uasset" 574
"../../../UVminigame_level/Content/StarterContent/Textures/T_Detail_Rocky_N.uasset" 575
"../../../UVminigame_level/Content/StarterContent/Textures/T_MacroVariation.uasset" 576
"../../../UVminigame_level/Content/StarterContent/Materials/M_Brick_Clay_New.uasset" 577
"../../../UVminigame_level/Content/StarterContent/Textures/T_Ground_Grass_D.uasset" 578
"../../../UVminigame_level/Content/StarterContent/Textures/T_Ground_Grass_N.uasset" 579
"../../../UVminigame_level/Content/StarterContent/Textures/T_Perlin_Noise_M.uasset" 580
"../../../UVminigame_level/Content/StarterContent/Materials/M_Ground_Grass.uasset" 581
"../../../UVminigame_level/Content/StarterContent/Textures/T_Metal_Gold_N.uasset" 582
"../../../UVminigame_level/Content/StarterContent/Textures/T_Rock_Marble_Polished_D.uasset" 583
"../../../UVminigame_level/Content/StarterContent/Materials/M_Rock_Marble_Polished.uasset" 584
"../../../UVminigame_level/Content/StarterContent/Textures/T_Wood_Floor_Walnut_D.uasset" 585
"../../../UVminigame_level/Content/StarterContent/Textures/T_Wood_Floor_Walnut_M.uasset" 586
"../../../UVminigame_level/Content/StarterContent/Textures/T_Wood_Floor_Walnut_N.uasset" 587
"../../../UVminigame_level/Content/StarterContent/Materials/M_Wood_Floor_Walnut_Polished.uasset" 588
"../../../UVminigame_level/Content/Assets/Textures/T_Arch_M.uasset" 589
"../../../UVminigame_level/Content/Assets/Textures/T_Arch_N.uasset" 590
"../../../UVminigame_level/Content/Assets/Textures/T_FloorMarble_D.uasset" 591
"../../../UVminigame_level/Content/Assets/Textures/T_Marble_N.uasset" 592
"../../../UVminigame_level/Content/Assets/Materials/M_Arch.uasset" 593
"../../../UVminigame_level/Content/Assets/Materials/M_Arch_Inst.uasset" 594
"../../../UVminigame_level/Content/Assets/Materials/M_Arch_Inst_Red.uasset" 595
"../../../UVminigame_level/Content/Assets/Materials/M_Arch_Inst_Red_2.uasset" 596
"../../../UVminigame_level/Content/Assets/Textures/T_FloorTileMaskes_M.uasset" 597
"../../../UVminigame_level/Content/Assets/Textures/T_FloorTiles_N.uasset" 598
"../../../UVminigame_level/Content/Assets/Textures/T_FloorTiles_M.uasset" 599
"../../../UVminigame_level/Content/Assets/Materials/M_FloorTiles1.uasset" 600
"../../../UVminigame_level/Content/Assets/Materials/M_FloorTiles1_Inst.uasset" 601
"../../../UVminigame_level/Content/Assets/Textures/T_FloorTiles2_N.uasset" 602
"../../../UVminigame_level/Content/Assets/Textures/T_FloorTiles2_M.uasset" 603
"../../../UVminigame_level/Content/Assets/Materials/M_FloorTiles2_Inst.uasset" 604
"../../../UVminigame_level/Content/Assets/Materials/M_FloorTiles2_Inst_Inst.uasset" 605
"../../../UVminigame_level/Content/Assets/Textures/T_Water2_N.uasset" 606
"../../../UVminigame_level/Content/Assets/Materials/M_Ocean.uasset" 607
"../../../UVminigame_level/Content/Assets/Materials/M_Ocean_Inst.uasset" 608
"../../../UVminigame_level/Content/Assets/Textures/T_Pillar_N.uasset" 609
"../../../UVminigame_level/Content/Assets/Textures/T_Pillar_M.uasset" 610
"../../../UVminigame_level/Content/Assets/Textures/T_StoneBrickWall_AO.uasset" 611
"../../../UVminigame_level/Content/Assets/Materials/M_Pillar.uasset" 612
"../../../UVminigame_level/Content/Assets/Materials/M_Pillar_Inst.uasset" 613
"../../../UVminigame_level/Content/Assets/Materials/M_Pillar_Inst_Colored.uasset" 614
"../../../Engine/Content/MapTemplates/Sky/T_Sky_Stars.uasset" 615
"../../../Engine/Content/MapTemplates/Sky/T_UDK_Sky_CloudMask01_N.uasset" 616
"../../../Engine/Content/MapTemplates/T_UDK_Sky_CloudMask03.uasset" 617
"../../../Engine/Content/MapTemplates/Sky/M_Procedural_Sky_MASTER02.uasset" 618
"../../../Engine/Content/MapTemplates/Sky/SM_SkySphere.uasset" 619
"../../../UVminigame_level/Content/Assets/Materials/M_Arch_Inst_2.uasset" 620
"../../../UVminigame_level/Content/Assets/Meshes/SM_Arch_2_Bend.uasset" 621
"../../../UVminigame_level/Content/Assets/Textures/T_Trim_M.uasset" 622
"../../../UVminigame_level/Content/Assets/Textures/T_Trim_N.uasset" 623
"../../../UVminigame_level/Content/Assets/Materials/M_Dome.uasset" 624
"../../../UVminigame_level/Content/Assets/Textures/T_Dome_M.uasset" 625
"../../../UVminigame_level/Content/Assets/Textures/T_Dome_N.uasset" 626
"../../../UVminigame_level/Content/Assets/Materials/M_Dome_Inst.uasset" 627
"../../../UVminigame_level/Content/Assets/Meshes/SM_Dome.uasset" 628
"../../../UVminigame_level/Content/Assets/Materials/M_FloorTiles1_Inst_Inst.uasset" 629
"../../../UVminigame_level/Content/Assets/Materials/M_FloorTiles2_Inst_Inst_Inst.uasset" 630
"../../../UVminigame_level/Content/Assets/Meshes/SM_Floor_Round.uasset" 631
"../../../UVminigame_level/Content/Assets/Meshes/SM_Floor_StairTop2.uasset" 632
"../../../UVminigame_level/Content/Assets/Meshes/SM_Ocean.uasset" 633
"../../../UVminigame_level/Content/Assets/Meshes/SM_Pillar.uasset" 634
"../../../UVminigame_level/Content/Assets/Textures/T_Railing_M.uasset" 635
"../../../UVminigame_level/Content/Assets/Textures/T_Railing_N.uasset" 636
"../../../UVminigame_level/Content/Assets/Materials/M_Railing.uasset" 637
"../../../UVminigame_level/Content/Assets/Materials/M_Railing_Inst.uasset" 638
"../../../UVminigame_level/Content/Assets/Meshes/SM_Railing.uasset" 639
"../../../UVminigame_level/Content/Assets/Meshes/SM_RailingPillar.uasset" 640
"../../../UVminigame_level/Content/Assets/Textures/T_Shield_M.uasset" 641
"../../../UVminigame_level/Content/Assets/Textures/T_Shield_N.uasset" 642
"../../../UVminigame_level/Content/Assets/Materials/M_Shield.uasset" 643
"../../../UVminigame_level/Content/Assets/Materials/M_Shield_Inst.uasset" 644
"../../../UVminigame_level/Content/Assets/Meshes/SM_Shield.uasset" 645
"../../../UVminigame_level/Content/Assets/Textures/T_Crackle.uasset" 646
"../../../UVminigame_level/Content/Assets/Textures/T_Crackle_N.uasset" 647
"../../../UVminigame_level/Content/Assets/Textures/T_Statue_M.uasset" 648
"../../../UVminigame_level/Content/Assets/Textures/T_Statue_N.uasset" 649
"../../../UVminigame_level/Content/Assets/Materials/M_Statue.uasset" 650
"../../../UVminigame_level/Content/Assets/Materials/M_Statue_Inst.uasset" 651
"../../../UVminigame_level/Content/Assets/Meshes/SM_Statue.uasset" 652
"../../../UVminigame_level/Content/Assets/Materials/M_Trim.uasset" 653
"../../../UVminigame_level/Content/Assets/Materials/M_Trim_Inst.uasset" 654
"../../../UVminigame_level/Content/Assets/Meshes/SM_Trim_Bend.uasset" 655
"../../../UVminigame_level/Content/Assets/Textures/T_BottomTrim_M.uasset" 656
"../../../UVminigame_level/Content/Assets/Textures/T_BottomTrim_N.uasset" 657
"../../../UVminigame_level/Content/Assets/Materials/M_BottomTrim_Inst.uasset" 658
"../../../UVminigame_level/Content/Assets/Textures/T_Marble_D.uasset" 659
"../../../UVminigame_level/Content/Assets/Textures/T_StoneBrickWall_M.uasset" 660
"../../../UVminigame_level/Content/Assets/Textures/T_StoneBrickWall_N.uasset" 661
"../../../UVminigame_level/Content/Assets/Materials/M_StoneBrickWall.uasset" 662
"../../../UVminigame_level/Content/Assets/Materials/M_StoneBrickWall_Inst.uasset" 663
"../../../UVminigame_level/Content/Assets/Meshes/SM_TrimWall.uasset" 664
"../../../UVminigame_level/Content/Assets/Meshes/SM_TrimWall_U.uasset" 665
"../../../UVminigame_level/Content/Assets/Meshes/SM_Window.uasset" 666
"../../../UVminigame_level/Content/Assets/Meshes/SM_WindowWall_Bend.uasset" 667
"../../../UVminigame_level/Content/ExampleContent/Audio/Audio/Sound_Basics/Basic_SoundActorLPF01.uasset" 668
"../../../UVminigame_level/Content/ExampleContent/Audio/Audio/SoundClasses/Ambient_Inside_Showcase.uasset" 669
"../../../UVminigame_level/Content/ExampleContent/Audio/Audio/SoundClasses/Ambient_Inside.uasset" 670
"../../../UVminigame_level/Content/ExampleContent/Audio/Audio/SoundClasses/Ambient_Outside.uasset" 671
"../../../UVminigame_level/Content/ExampleContent/Audio/Audio/SoundClasses/Ship_Outside.uasset" 672
"../../../UVminigame_level/Content/ExampleContent/Audio/Audio/SoundClasses/Ambience.uasset" 673
"../../../UVminigame_level/Content/ExampleContent/Audio/Audio/SoundClasses/Anim_Sequence.uasset" 674
"../../../UVminigame_level/Content/ExampleContent/Audio/Audio/SoundClasses/SFX.uasset" 675
"../../../UVminigame_level/Content/ExampleContent/Audio/Audio/SoundClasses/Combat.uasset" 676
"../../../UVminigame_level/Content/ExampleContent/Audio/Audio/SoundClasses/5_1_LFe_Bleed.uasset" 677
"../../../UVminigame_level/Content/ExampleContent/Audio/Audio/SoundClasses/Music.uasset" 678
"../../../UVminigame_level/Content/ExampleContent/Audio/Audio/SoundMixes/Dialog_Duckall_PSM.uasset" 679
"../../../UVminigame_level/Content/ExampleContent/Audio/Audio/SoundClasses/Dialog_PSM.uasset" 680
"../../../UVminigame_level/Content/ExampleContent/Audio/Audio/SoundClasses/Radio_Dialog.uasset" 681
"../../../UVminigame_level/Content/ExampleContent/Audio/Audio/SoundClasses/Dialog.uasset" 682
"../../../UVminigame_level/Content/ExampleContent/Audio/Audio/SoundClasses/Non_Demo_Audio.uasset" 683
"../../../UVminigame_level/Content/ExampleContent/Audio/Audio/SoundClasses/Master.uasset" 684
"../../../UVminigame_level/Content/ExampleContent/Audio/Audio/Sound_Basics/AutoDoorSound.uasset" 685
"../../../UVminigame_level/Content/StarterContent/Architecture/Pillar_50x500.uasset" 686
"../../../UVminigame_level/Content/StarterContent/Audio/Starter_Background_Cue.uasset" 687
"../../../UVminigame_level/Content/StarterContent/Textures/T_Chair_M.uasset" 688
"../../../UVminigame_level/Content/StarterContent/Textures/T_Chair_N.uasset" 689
"../../../UVminigame_level/Content/StarterContent/Props/Materials/M_Chair.uasset" 690
"../../../UVminigame_level/Content/StarterContent/Props/SM_Chair.uasset" 691
"../../../UVminigame_level/Content/StarterContent/Textures/T_Frame_M.uasset" 692
"../../../UVminigame_level/Content/StarterContent/Textures/T_Frame_N.uasset" 693
"../../../UVminigame_level/Content/StarterContent/Props/Materials/M_Frame.uasset" 694
"../../../UVminigame_level/Content/StarterContent/Props/SM_CornerFrame.uasset" 695
"../../../UVminigame_level/Content/StarterContent/Props/SM_DoorFrame.uasset" 696
"../../../UVminigame_level/Content/StarterContent/Props/SM_GlassWindow.uasset" 697
"../../../UVminigame_level/Content/StarterContent/Props/SM_PillarFrame.uasset" 698
"../../../UVminigame_level/Content/StarterContent/Textures/T_TableRound_M.uasset" 699
"../../../UVminigame_level/Content/StarterContent/Textures/T_TableRound_N.uasset" 700
"../../../UVminigame_level/Content/StarterContent/Props/Materials/M_TableRound.uasset" 701
"../../../UVminigame_level/Content/StarterContent/Props/SM_TableRound.uasset" 702
"../../../UVminigame_level/Content/StarterContent/Props/SM_WindowFrame.uasset" 703
"../../../UVminigame_level/Content/Officelevel.umap" 704
"../../../UVminigame_level/Content/ExampleContent/Landscapes_sharedassets/LayerInfoObject_Grass.uasset" 705
"../../../UVminigame_level/Content/ExampleContent/Landscapes_sharedassets/LayerInfoObject_Snow.uasset" 706
"../../../UVminigame_level/Content/ExampleContent/Landscapes_sharedassets/LayerInfoObject_Soil.uasset" 707
"../../../UVminigame_level/Content/UVMG_bow_BuiltData.uasset" 708
"../../../UVminigame_level/Content/ExampleContent/Landscapes/Textures/T_ForestGround_D.uasset" 709
"../../../UVminigame_level/Content/ExampleContent/Landscapes/Textures/T_ForestGround_N.uasset" 710
"../../../UVminigame_level/Content/ExampleContent/Landscapes/Textures/T_GroundGrass_D.uasset" 711
"../../../UVminigame_level/Content/ExampleContent/Landscapes/Textures/T_GroundGrass_N.uasset" 712
"../../../UVminigame_level/Content/ExampleContent/Landscapes/Textures/T_Noise_N.uasset" 713
"../../../UVminigame_level/Content/ExampleContent/Landscapes/Materials/M_LandscapeMaterial.uasset" 714
"../../../UVminigame_level/Content/ExampleContent/Landscapes/Materials/M_LandscapeMaterial_Inst.uasset" 715
"../../../Engine/Content/VREditor/BasicMeshes/SM_Room_01.uasset" 716
"../../../UVminigame_level/Content/ExampleContent/Input_Examples/Materials/M_Toy_Fence.uasset" 717
"../../../UVminigame_level/Content/ExampleContent/Input_Examples/Meshes/SM_Wood_Fence.uasset" 718
"../../../UVminigame_level/Content/UVMG_bow.umap" 719
