Log file open, 01/10/18 01:49:22
LogWindows: Failed to load 'aqProf.dll' (GetLastError=126)
LogWindows: File 'aqProf.dll' does not exist
LogWindows: Failed to load 'VSPerf140.dll' (GetLastError=126)
LogWindows: File 'VSPerf140.dll' does not exist
LogWindows: Failed to load 'VtuneApi.dll' (GetLastError=126)
LogWindows: File 'VtuneApi.dll' does not exist
LogWindows: Failed to load 'VtuneApi32e.dll' (GetLastError=126)
LogWindows: File 'VtuneApi32e.dll' does not exist
LogInit: Display: Running engine for game: UVminigame_level
LogPlatformFile: Not using cached read wrapper
LogInit: Display: RandInit(-622408378) SRandInit(-622408378).
LogInit: Read version file with build ID '3709383'
LogInit: Overriding engine version to CL 3794801, compatible CL 3709383
LogInit: Registered custom module enumerator with build ID '3709383'
LogTaskGraph: Started task graph with 5 named threads and 14 total threads with 3 sets of task threads.
LogStats: Stats thread started at 0.174727
LogD3D11RHI: Aftermath initialized
LogModuleManager: Display: Found up-to-date module file ../../../Engine/Plugins/2D/Paper2D/Binaries/Win64/UE4Editor-Paper2D.dll (API version 3709383).
LogModuleManager: Display: Found up-to-date module file ../../../Engine/Plugins/2D/Paper2D/Binaries/Win64/UE4Editor-Paper2DEditor.dll (API version 3709383).
LogModuleManager: Display: Found up-to-date module file ../../../Engine/Plugins/2D/Paper2D/Binaries/Win64/UE4Editor-PaperSpriteSheetImporter.dll (API version 3709383).
LogModuleManager: Display: Found up-to-date module file ../../../Engine/Plugins/2D/Paper2D/Binaries/Win64/UE4Editor-PaperTiledImporter.dll (API version 3709383).
LogModuleManager: Display: Found up-to-date module file ../../../Engine/Plugins/2D/Paper2D/Binaries/Win64/UE4Editor-SmartSnapping.dll (API version 3709383).
LogModuleManager: Display: Found up-to-date module file ../../../Engine/Plugins/Blendables/LightPropagationVolume/Binaries/Win64/UE4Editor-LightPropagationVolumeRuntime.dll (API version 3709383).
LogModuleManager: Display: Found up-to-date module file ../../../Engine/Plugins/Blendables/LightPropagationVolume/Binaries/Win64/UE4Editor-LightPropagationVolumeEditor.dll (API version 3709383).
LogModuleManager: Display: Found up-to-date module file ../../../Engine/Plugins/Developer/GitSourceControl/Binaries/Win64/UE4Editor-GitSourceControl.dll (API version 3709383).
LogModuleManager: Display: Found up-to-date module file ../../../Engine/Plugins/Developer/PerforceSourceControl/Binaries/Win64/UE4Editor-PerforceSourceControl.dll (API version 3709383).
LogModuleManager: Display: Found up-to-date module file ../../../Engine/Plugins/Developer/SubversionSourceControl/Binaries/Win64/UE4Editor-SubversionSourceControl.dll (API version 3709383).
LogModuleManager: Display: Found up-to-date module file ../../../Engine/Plugins/Developer/UObjectPlugin/Binaries/Win64/UE4Editor-UObjectPlugin.dll (API version 3709383).
LogModuleManager: Display: Found up-to-date module file ../../../Engine/Plugins/Developer/VisualStudioCodeSourceCodeAccess/Binaries/Win64/UE4Editor-VisualStudioCodeSourceCodeAccess.dll (API version 3709383).
LogModuleManager: Display: Found up-to-date module file ../../../Engine/Plugins/Developer/VisualStudioSourceCodeAccess/Binaries/Win64/UE4Editor-VisualStudioSourceCodeAccess.dll (API version 3709383).
LogModuleManager: Display: Found up-to-date module file ../../../Engine/Plugins/Editor/AssetManagerEditor/Binaries/Win64/UE4Editor-AssetManagerEditor.dll (API version 3709383).
LogModuleManager: Display: Found up-to-date module file ../../../Engine/Plugins/Editor/AudioCapture/Binaries/Win64/UE4Editor-AudioCapture.dll (API version 3709383).
LogModuleManager: Display: Found up-to-date module file ../../../Engine/Plugins/Editor/FacialAnimation/Binaries/Win64/UE4Editor-FacialAnimation.dll (API version 3709383).
LogModuleManager: Display: Found up-to-date module file ../../../Engine/Plugins/Editor/FacialAnimation/Binaries/Win64/UE4Editor-FacialAnimationEditor.dll (API version 3709383).
LogModuleManager: Display: Found up-to-date module file ../../../Engine/Plugins/Editor/GameplayTagsEditor/Binaries/Win64/UE4Editor-GameplayTagsEditor.dll (API version 3709383).
LogModuleManager: Display: Found up-to-date module file ../../../Engine/Plugins/Editor/MobileLauncherProfileWizard/Binaries/Win64/UE4Editor-MobileLauncherProfileWizard.dll (API version 3709383).
LogModuleManager: Display: Found up-to-date module file ../../../Engine/Plugins/Editor/PluginBrowser/Binaries/Win64/UE4Editor-PluginBrowser.dll (API version 3709383).
LogModuleManager: Display: Found up-to-date module file ../../../Engine/Plugins/Editor/SpeedTreeImporter/Binaries/Win64/UE4Editor-SpeedTreeImporter.dll (API version 3709383).
LogModuleManager: Display: Found up-to-date module file ../../../Engine/Plugins/Experimental/AlembicImporter/Binaries/Win64/UE4Editor-AlembicImporter.dll (API version 3709383).
LogModuleManager: Display: Found up-to-date module file ../../../Engine/Plugins/Experimental/AlembicImporter/Binaries/Win64/UE4Editor-AlembicLibrary.dll (API version 3709383).
LogModuleManager: Display: Found up-to-date module file ../../../Engine/Plugins/Experimental/CharacterAI/Binaries/Win64/UE4Editor-CharacterAI.dll (API version 3709383).
LogModuleManager: Display: Found up-to-date module file ../../../Engine/Plugins/Experimental/HTML5Networking/Binaries/Win64/UE4Editor-HTML5Networking.dll (API version 3709383).
LogModuleManager: Display: Found up-to-date module file ../../../Engine/Plugins/Media/AndroidMedia/Binaries/Win64/UE4Editor-AndroidMediaEditor.dll (API version 3709383).
LogModuleManager: Display: Found up-to-date module file ../../../Engine/Plugins/Media/AndroidMedia/Binaries/Win64/UE4Editor-AndroidMediaFactory.dll (API version 3709383).
LogModuleManager: Display: Found up-to-date module file ../../../Engine/Plugins/Media/AvfMedia/Binaries/Win64/UE4Editor-AvfMediaEditor.dll (API version 3709383).
LogModuleManager: Display: Found up-to-date module file ../../../Engine/Plugins/Media/AvfMedia/Binaries/Win64/UE4Editor-AvfMediaFactory.dll (API version 3709383).
LogModuleManager: Display: Found up-to-date module file ../../../Engine/Plugins/Media/AvfMedia/Binaries/Win64/UE4Editor-AvfMediaFactory.dll (API version 3709383).
LogModuleManager: Display: Found up-to-date module file ../../../Engine/Plugins/Media/ImgMedia/Binaries/Win64/UE4Editor-ImgMedia.dll (API version 3709383).
LogModuleManager: Display: Found up-to-date module file ../../../Engine/Plugins/Media/ImgMedia/Binaries/Win64/UE4Editor-ImgMediaEditor.dll (API version 3709383).
LogModuleManager: Display: Found up-to-date module file ../../../Engine/Plugins/Media/ImgMedia/Binaries/Win64/UE4Editor-ImgMediaFactory.dll (API version 3709383).
LogModuleManager: Display: Found up-to-date module file ../../../Engine/Plugins/Media/ImgMedia/Binaries/Win64/UE4Editor-ImgMediaFactory.dll (API version 3709383).
LogModuleManager: Display: Found up-to-date module file ../../../Engine/Plugins/Media/ImgMedia/Binaries/Win64/UE4Editor-OpenExrWrapper.dll (API version 3709383).
LogModuleManager: Display: Found up-to-date module file ../../../Engine/Plugins/Media/MediaCompositing/Binaries/Win64/UE4Editor-MediaCompositing.dll (API version 3709383).
LogModuleManager: Display: Found up-to-date module file ../../../Engine/Plugins/Media/MediaCompositing/Binaries/Win64/UE4Editor-MediaCompositingEditor.dll (API version 3709383).
LogModuleManager: Display: Found up-to-date module file ../../../Engine/Plugins/Media/MediaPlayerEditor/Binaries/Win64/UE4Editor-MediaPlayerEditor.dll (API version 3709383).
LogModuleManager: Display: Found up-to-date module file ../../../Engine/Plugins/Media/WmfMedia/Binaries/Win64/UE4Editor-WmfMedia.dll (API version 3709383).
LogModuleManager: Display: Found up-to-date module file ../../../Engine/Plugins/Media/WmfMedia/Binaries/Win64/UE4Editor-WmfMediaEditor.dll (API version 3709383).
LogModuleManager: Display: Found up-to-date module file ../../../Engine/Plugins/Media/WmfMedia/Binaries/Win64/UE4Editor-WmfMediaFactory.dll (API version 3709383).
LogModuleManager: Display: Found up-to-date module file ../../../Engine/Plugins/Media/WmfMedia/Binaries/Win64/UE4Editor-WmfMediaFactory.dll (API version 3709383).
LogModuleManager: Display: Found up-to-date module file ../../../Engine/Plugins/Messaging/TcpMessaging/Binaries/Win64/UE4Editor-TcpMessaging.dll (API version 3709383).
LogModuleManager: Display: Found up-to-date module file ../../../Engine/Plugins/Messaging/UdpMessaging/Binaries/Win64/UE4Editor-UdpMessaging.dll (API version 3709383).
LogModuleManager: Display: Found up-to-date module file ../../../Engine/Plugins/MovieScene/ActorSequence/Binaries/Win64/UE4Editor-ActorSequence.dll (API version 3709383).
LogModuleManager: Display: Found up-to-date module file ../../../Engine/Plugins/MovieScene/LevelSequenceEditor/Binaries/Win64/UE4Editor-LevelSequenceEditor.dll (API version 3709383).
LogModuleManager: Display: Found up-to-date module file ../../../Engine/Plugins/MovieScene/MatineeToLevelSequence/Binaries/Win64/UE4Editor-MatineeToLevelSequence.dll (API version 3709383).
LogModuleManager: Display: Found up-to-date module file ../../../Engine/Plugins/Online/OnlineSubsystem/Binaries/Win64/UE4Editor-OnlineSubsystem.dll (API version 3709383).
LogModuleManager: Display: Found up-to-date module file ../../../Engine/Plugins/Runtime/AndroidPermission/Binaries/Win64/UE4Editor-AndroidPermission.dll (API version 3709383).
LogModuleManager: Display: Found up-to-date module file ../../../Engine/Plugins/Online/OnlineSubsystemNull/Binaries/Win64/UE4Editor-OnlineSubsystemNull.dll (API version 3709383).
LogModuleManager: Display: Found up-to-date module file ../../../Engine/Plugins/Online/OnlineSubsystemUtils/Binaries/Win64/UE4Editor-OnlineSubsystemUtils.dll (API version 3709383).
LogModuleManager: Display: Found up-to-date module file ../../../Engine/Plugins/Online/OnlineSubsystemUtils/Binaries/Win64/UE4Editor-OnlineBlueprintSupport.dll (API version 3709383).
LogModuleManager: Display: Found up-to-date module file ../../../Engine/Plugins/Runtime/AndroidDeviceProfileSelector/Binaries/Win64/UE4Editor-AndroidDeviceProfileSelector.dll (API version 3709383).
LogModuleManager: Display: Found up-to-date module file ../../../Engine/Plugins/Runtime/AppleARKit/Binaries/Win64/UE4Editor-AppleARKit.dll (API version 3709383).
LogModuleManager: Display: Found up-to-date module file ../../../Engine/Plugins/Runtime/ArchVisCharacter/Binaries/Win64/UE4Editor-ArchVisCharacter.dll (API version 3709383).
LogModuleManager: Display: Found up-to-date module file ../../../Engine/Plugins/Runtime/CableComponent/Binaries/Win64/UE4Editor-CableComponent.dll (API version 3709383).
LogModuleManager: Display: Found up-to-date module file ../../../Engine/Plugins/Runtime/CustomMeshComponent/Binaries/Win64/UE4Editor-CustomMeshComponent.dll (API version 3709383).
LogModuleManager: Display: Found up-to-date module file ../../../Engine/Plugins/Runtime/ExampleDeviceProfileSelector/Binaries/Win64/UE4Editor-ExampleDeviceProfileSelector.dll (API version 3709383).
LogModuleManager: Display: Found up-to-date module file ../../../Engine/Plugins/Runtime/ImmediatePhysics/Binaries/Win64/UE4Editor-ImmediatePhysics.dll (API version 3709383).
LogModuleManager: Display: Found up-to-date module file ../../../Engine/Plugins/Runtime/ImmediatePhysics/Binaries/Win64/UE4Editor-ImmediatePhysicsEditor.dll (API version 3709383).
LogModuleManager: Display: Found up-to-date module file ../../../Engine/Plugins/Runtime/LocationServicesBPLibrary/Binaries/Win64/UE4Editor-LocationServicesBPLibrary.dll (API version 3709383).
LogModuleManager: Display: Found up-to-date module file ../../../Engine/Plugins/Runtime/MobilePatchingUtils/Binaries/Win64/UE4Editor-MobilePatchingUtils.dll (API version 3709383).
LogModuleManager: Display: Found up-to-date module file ../../../Engine/Plugins/Runtime/Oculus/OculusVR/Binaries/Win64/UE4Editor-OculusHMD.dll (API version 3709383).
LogModuleManager: Display: Found up-to-date module file ../../../Engine/Plugins/Runtime/Oculus/OculusVR/Binaries/Win64/UE4Editor-OculusInput.dll (API version 3709383).
LogModuleManager: Display: Found up-to-date module file ../../../Engine/Plugins/Runtime/Oculus/OculusVR/Binaries/Win64/UE4Editor-OculusEditor.dll (API version 3709383).
LogModuleManager: Display: Found up-to-date module file ../../../Engine/Plugins/Runtime/PhysXVehicles/Binaries/Win64/UE4Editor-PhysXVehicles.dll (API version 3709383).
LogModuleManager: Display: Found up-to-date module file ../../../Engine/Plugins/Runtime/PhysXVehicles/Binaries/Win64/UE4Editor-PhysXVehiclesEditor.dll (API version 3709383).
LogModuleManager: Display: Found up-to-date module file ../../../Engine/Plugins/Runtime/ProceduralMeshComponent/Binaries/Win64/UE4Editor-ProceduralMeshComponent.dll (API version 3709383).
LogModuleManager: Display: Found up-to-date module file ../../../Engine/Plugins/Runtime/ProceduralMeshComponent/Binaries/Win64/UE4Editor-ProceduralMeshComponentEditor.dll (API version 3709383).
LogModuleManager: Display: Found up-to-date module file ../../../Engine/Plugins/Runtime/RuntimePhysXCooking/Binaries/Win64/UE4Editor-RuntimePhysXCooking.dll (API version 3709383).
LogModuleManager: Display: Found up-to-date module file ../../../Engine/Plugins/Runtime/Steam/SteamVR/Binaries/Win64/UE4Editor-SteamVR.dll (API version 3709383).
LogModuleManager: Display: Found up-to-date module file ../../../Engine/Plugins/Runtime/Steam/SteamVR/Binaries/Win64/UE4Editor-SteamVRController.dll (API version 3709383).
LogModuleManager: Display: Found up-to-date module file ../../../Engine/Plugins/Runtime/WindowsMoviePlayer/Binaries/Win64/UE4Editor-WindowsMoviePlayer.dll (API version 3709383).
LogPluginManager: Mounting plugin Paper2D
LogPluginManager: Mounting plugin LightPropagationVolume
LogPluginManager: Mounting plugin CodeLiteSourceCodeAccess
LogPluginManager: Mounting plugin GitSourceControl
LogPluginManager: Mounting plugin KDevelopSourceCodeAccess
LogPluginManager: Mounting plugin NullSourceCodeAccess
LogPluginManager: Mounting plugin PerforceSourceControl
LogPluginManager: Mounting plugin SubversionSourceControl
LogPluginManager: Mounting plugin UObjectPlugin
LogPluginManager: Mounting plugin VisualStudioCodeSourceCodeAccess
LogPluginManager: Mounting plugin VisualStudioSourceCodeAccess
LogPluginManager: Mounting plugin XCodeSourceCodeAccess
LogPluginManager: Mounting plugin AssetManagerEditor
LogPluginManager: Mounting plugin AudioCapture
LogPluginManager: Mounting plugin FacialAnimation
LogPluginManager: Mounting plugin GameplayTagsEditor
LogPluginManager: Mounting plugin MobileLauncherProfileWizard
LogPluginManager: Mounting plugin PluginBrowser
LogPluginManager: Mounting plugin SpeedTreeImporter
LogPluginManager: Mounting plugin AlembicImporter
LogPluginManager: Mounting plugin CharacterAI
LogPluginManager: Mounting plugin HTML5Networking
LogPluginManager: Mounting plugin AndroidMedia
LogPluginManager: Mounting plugin AvfMedia
LogPluginManager: Mounting plugin ImgMedia
LogPluginManager: Mounting plugin MediaCompositing
LogPluginManager: Mounting plugin MediaPlayerEditor
LogPluginManager: Mounting plugin WmfMedia
LogPluginManager: Mounting plugin TcpMessaging
LogPluginManager: Mounting plugin UdpMessaging
LogPluginManager: Mounting plugin ActorSequence
LogPluginManager: Mounting plugin LevelSequenceEditor
LogPluginManager: Mounting plugin MatineeToLevelSequence
LogPluginManager: Mounting plugin OnlineSubsystemGooglePlay
LogPluginManager: Mounting plugin OnlineSubsystemIOS
LogPluginManager: Mounting plugin OnlineSubsystem
LogPluginManager: Mounting plugin OnlineSubsystemNull
LogPluginManager: Mounting plugin OnlineSubsystemUtils
LogPluginManager: Mounting plugin AndroidDeviceProfileSelector
LogPluginManager: Mounting plugin AndroidMoviePlayer
LogPluginManager: Mounting plugin AndroidPermission
LogPluginManager: Mounting plugin AppleARKit
LogPluginManager: Mounting plugin AppleMoviePlayer
LogPluginManager: Mounting plugin ArchVisCharacter
LogPluginManager: Mounting plugin CableComponent
LogPluginManager: Mounting plugin CustomMeshComponent
LogPluginManager: Mounting plugin ExampleDeviceProfileSelector
LogPluginManager: Mounting plugin GoogleCloudMessaging
LogPluginManager: Mounting plugin ImmediatePhysics
LogPluginManager: Mounting plugin IOSDeviceProfileSelector
LogPluginManager: Mounting plugin LinuxDeviceProfileSelector
LogPluginManager: Mounting plugin LocationServicesBPLibrary
LogPluginManager: Mounting plugin MobilePatchingUtils
LogPluginManager: Mounting plugin OculusVR
LogPluginManager: Plugin shader directory ../../../Engine/Plugins/Runtime/Oculus/OculusVR/Shaders found
LogPluginManager: Mapping shader source directory ../../../Engine/Plugins/Runtime/Oculus/OculusVR/Shaders to virtual directory /Plugin/OculusVR
LogPluginManager: Mounting plugin PhysXVehicles
LogPluginManager: Mounting plugin ProceduralMeshComponent
LogPluginManager: Mounting plugin RuntimePhysXCooking
LogPluginManager: Mounting plugin SteamVR
LogPluginManager: Mounting plugin WindowsMoviePlayer
LogInit: Using libcurl 7.47.1
LogInit:  - built for x86_64-pc-win32
LogInit:  - supports SSL with OpenSSL/1.0.2g
LogInit:  - supports HTTP deflate (compression) using libz 1.2.8
LogInit:  - other features:
LogInit:      CURL_VERSION_SSL
LogInit:      CURL_VERSION_LIBZ
LogInit:      CURL_VERSION_IPV6
LogInit:      CURL_VERSION_ASYNCHDNS
LogInit:      CURL_VERSION_LARGEFILE
LogInit:      CURL_VERSION_IDN
LogInit:  CurlRequestOptions (configurable via config and command line):
LogInit:  - bVerifyPeer = false  - Libcurl will NOT verify peer certificate
LogInit:  - bUseHttpProxy = false  - Libcurl will NOT use HTTP proxy
LogInit:  - bDontReuseConnections = false  - Libcurl will reuse connections
LogInit:  - CertBundlePath = nullptr  - Libcurl will use whatever was configured at build time.
LogInit: Build: ++UE4+Release-4.18-CL-3794801
LogInit: Engine Version: 4.18.2-3794801+++UE4+Release-4.18
LogInit: Compatible Engine Version: 4.18.0-3709383+++UE4+Release-4.18
LogInit: Net CL: 3709383
LogDevObjectVersion: Number of dev versions registered: 16
LogDevObjectVersion:   Dev-Blueprints (B0D832E4-1F89-4F0D-ACCF-7EB736FD4AA2): 10
LogDevObjectVersion:   Dev-Build (E1C64328-A22C-4D53-A36C-8E866417BD8C): 0
LogDevObjectVersion:   Dev-Core (375EC13C-06E4-48FB-B500-84F0262A717E): 2
LogDevObjectVersion:   Dev-Editor (E4B068ED-F494-42E9-A231-DA0B2E46BB41): 20
LogDevObjectVersion:   Dev-Framework (CFFC743F-43B0-4480-9391-14DF171D2073): 30
LogDevObjectVersion:   Dev-Mobile (B02B49B5-BB20-44E9-A304-32B752E40360): 0
LogDevObjectVersion:   Dev-Networking (A4E4105C-59A1-49B5-A7C5-40C4547EDFEE): 0
LogDevObjectVersion:   Dev-Online (39C831C9-5AE6-47DC-9A44-9C173E1C8E7C): 0
LogDevObjectVersion:   Dev-Physics (78F01B33-EBEA-4F98-B9B4-84EACCB95AA2): 0
LogDevObjectVersion:   Dev-Platform (6631380F-2D4D-43E0-8009-CF276956A95A): 0
LogDevObjectVersion:   Dev-Rendering (12F88B9F-8875-4AFC-A67C-D90C383ABD29): 20
LogDevObjectVersion:   Dev-Sequencer (7B5AE74C-D270-4C10-A958-57980B212A5A): 4
LogDevObjectVersion:   Dev-VR (D7296918-1DD6-4BDD-9DE2-64A83CC13884): 0
LogDevObjectVersion:   Dev-LoadTimes (C2A15278-BFE7-4AFE-6C17-90FF531DF755): 1
LogDevObjectVersion:   Private-Geometry (6EACA3D4-40EC-4CC1-B786-8BED09428FC5): 1
LogDevObjectVersion:   Dev-AnimPhys (29E575DD-E0A3-4627-9D10-D276232CDCEA): 12
LogInit: Compiled (64-bit): Dec  8 2017 02:04:53
LogInit: Compiled with Visual C++: 19.00.24215.01
LogInit: Build Configuration: Development
LogInit: Branch Name: ++UE4+Release-4.18
LogInit: Command line: -EpicPortal 
LogInit: Base directory: C:/Program Files/Epic Games/UE_4.18/Engine/Binaries/Win64/
LogInit: Installed Engine Build: 1
LogInit: Presizing for max 8388607 objects, including 0 objects not considered by GC, pre-allocating 0 bytes for permanent pool.
LogInit: Object subsystem initialized
[2018.01.09-16.49.24:739][  0]LogInit: Selected Device Profile: [Windows]
[2018.01.09-16.49.24:739][  0]LogInit: Applying CVar settings loaded from the selected device profile: [Windows]
[2018.01.09-16.49.24:793][  0]LogInit: Computer: DESKTOP-I0MM8TB
[2018.01.09-16.49.24:793][  0]LogInit: User: wndud
[2018.01.09-16.49.24:793][  0]LogInit: CPU Page size=4096, Cores=4
[2018.01.09-16.49.24:793][  0]LogInit: High frequency timer resolution =3.416985 MHz
[2018.01.09-16.49.24:794][  0]LogMemory: Memory total: Physical=23.8GB (24GB approx)
[2018.01.09-16.49.24:794][  0]LogMemory: Platform Memory Stats for Windows
[2018.01.09-16.49.24:794][  0]LogMemory: Process Physical Memory: 273.25 MB used, 273.25 MB peak
[2018.01.09-16.49.24:794][  0]LogMemory: Process Virtual Memory: 271.52 MB used, 271.52 MB peak
[2018.01.09-16.49.24:794][  0]LogMemory: Physical Memory: 7603.70 MB used,  16817.35 MB free, 24421.05 MB total
[2018.01.09-16.49.24:794][  0]LogMemory: Virtual Memory: 644.88 MB used,  16817.35 MB free, 134217728.00 MB total
[2018.01.09-16.49.25:066][  0]LogInit: Using OS detected language (ko-KR).
[2018.01.09-16.49.25:066][  0]LogInit: Using OS detected locale (ko-KR).
[2018.01.09-16.49.25:069][  0]LogTextLocalizationManager: No specific localization for 'ko-KR' exists, so the 'ko' localization will be used.
[2018.01.09-16.49.25:356][  0]LogInit: Setting process to per monitor DPI aware
[2018.01.09-16.49.25:756][  0]LogD3D11RHI: D3D11 adapters:
[2018.01.09-16.49.25:809][  0]LogD3D11RHI:    0. 'NVIDIA GeForce GTX 970' (Feature Level 11_0)
[2018.01.09-16.49.25:809][  0]LogD3D11RHI:       4058/0/12210 MB DedicatedVideo/DedicatedSystem/SharedSystem, Outputs:1, VendorId:0x10de
[2018.01.09-16.49.25:818][  0]LogD3D11RHI:    1. 'Intel(R) HD Graphics 4600' (Feature Level 11_0)
[2018.01.09-16.49.25:818][  0]LogD3D11RHI:       112/0/2048 MB DedicatedVideo/DedicatedSystem/SharedSystem, Outputs:1, VendorId:0x8086
[2018.01.09-16.49.25:821][  0]LogD3D11RHI:    2. 'Microsoft Basic Render Driver' (Feature Level 11_0)
[2018.01.09-16.49.25:821][  0]LogD3D11RHI:       0/0/12210 MB DedicatedVideo/DedicatedSystem/SharedSystem, Outputs:0, VendorId:0x1414
[2018.01.09-16.49.25:821][  0]LogD3D11RHI: Chosen D3D11 Adapter: 0
[2018.01.09-16.49.25:832][  0]LogD3D11RHI: Creating new Direct3DDevice
[2018.01.09-16.49.25:832][  0]LogD3D11RHI:     GPU DeviceId: 0x13c2 (for the marketing name, search the web for "GPU Device Id")
[2018.01.09-16.49.25:832][  0]LogWindows: EnumDisplayDevices:
[2018.01.09-16.49.25:832][  0]LogWindows:    0. 'NVIDIA GeForce GTX 970' (P:1 D:1)
[2018.01.09-16.49.25:832][  0]LogWindows:    1. 'NVIDIA GeForce GTX 970' (P:0 D:0)
[2018.01.09-16.49.25:832][  0]LogWindows:    2. 'NVIDIA GeForce GTX 970' (P:0 D:0)
[2018.01.09-16.49.25:833][  0]LogWindows:    3. 'NVIDIA GeForce GTX 970' (P:0 D:0)
[2018.01.09-16.49.25:834][  0]LogWindows:    4. 'Intel(R) HD Graphics 4600' (P:0 D:1)
[2018.01.09-16.49.25:834][  0]LogWindows:    5. 'Intel(R) HD Graphics 4600' (P:0 D:0)
[2018.01.09-16.49.25:834][  0]LogWindows:    6. 'Intel(R) HD Graphics 4600' (P:0 D:0)
[2018.01.09-16.49.25:834][  0]LogWindows: DebugString: PrimaryIsNotTheChoosenAdapter PrimaryIsNotTheChoosenAdapter PrimaryIsNotTheChoosenAdapter FoundDriverCount:4 
[2018.01.09-16.49.25:834][  0]LogD3D11RHI:     Adapter Name: NVIDIA GeForce GTX 970
[2018.01.09-16.49.25:834][  0]LogD3D11RHI:   Driver Version: 388.71 (internal:23.21.13.8871, unified:388.71)
[2018.01.09-16.49.25:834][  0]LogD3D11RHI:      Driver Date: 12-15-2017
[2018.01.09-16.49.25:834][  0]LogRHI: Texture pool is 2840 MB (70% of 4058 MB)
[2018.01.09-16.49.25:870][  0]LogD3D11RHI: Async texture creation enabled
[2018.01.09-16.49.25:887][  0]LogD3D11RHI: GPU Timing Frequency: 1000.000000 (Debug: 2 1)
[2018.01.09-16.49.25:941][  0]LogShaderCompilers: Guid format shader working directory is 7 characters bigger than the processId version (D:/김주영/Unreal-Project/UVminigame_level/Intermediate/Shaders/WorkingDirectory/14240/).
[2018.01.09-16.49.25:942][  0]LogShaderCompilers: Cleaned the shader compiler working directory 'C:/Users/wndud/AppData/Local/Temp/UnrealShaderWorkingDir/DA7854CA4806FFD67014EB8C529BBFF2/'.
[2018.01.09-16.49.25:942][  0]LogShaderCompilers: Display: Using Local Shader Compiler.
[2018.01.09-16.49.27:488][  0]LogTemp: Display: Loaded TP AllDesktopTargetPlatform
[2018.01.09-16.49.27:571][  0]LogTemp: Display: Loaded TP MacClientTargetPlatform
[2018.01.09-16.49.27:666][  0]LogTemp: Display: Loaded TP MacNoEditorTargetPlatform
[2018.01.09-16.49.27:764][  0]LogTemp: Display: Loaded TP MacServerTargetPlatform
[2018.01.09-16.49.27:864][  0]LogTemp: Display: Loaded TP MacTargetPlatform
[2018.01.09-16.49.27:952][  0]LogTemp: Display: Loaded TP WindowsClientTargetPlatform
[2018.01.09-16.49.28:036][  0]LogTemp: Display: Loaded TP WindowsNoEditorTargetPlatform
[2018.01.09-16.49.28:121][  0]LogTemp: Display: Loaded TP WindowsServerTargetPlatform
[2018.01.09-16.49.28:203][  0]LogTemp: Display: Loaded TP WindowsTargetPlatform
[2018.01.09-16.49.28:290][  0]LogTemp: Display: Loaded TP Android_ASTCTargetPlatform
[2018.01.09-16.49.28:374][  0]LogTemp: Display: Loaded TP Android_ATCTargetPlatform
[2018.01.09-16.49.28:467][  0]LogTemp: Display: Loaded TP Android_DXTTargetPlatform
[2018.01.09-16.49.28:552][  0]LogTemp: Display: Loaded TP Android_ETC1TargetPlatform
[2018.01.09-16.49.28:641][  0]LogTemp: Display: Loaded TP Android_ETC2TargetPlatform
[2018.01.09-16.49.28:819][  0]LogTemp: Display: Loaded TP Android_MultiTargetPlatform
[2018.01.09-16.49.28:819][  0]LogTemp: Display: Loaded TP Android_PVRTCTargetPlatform
[2018.01.09-16.49.28:916][  0]LogTemp: Display: Loaded TP AndroidTargetPlatform
[2018.01.09-16.49.28:992][  0]LogTemp: Display: Loaded TP HTML5TargetPlatform
[2018.01.09-16.49.29:132][  0]LogTemp: Display: Loaded TP IOSTargetPlatform
[2018.01.09-16.49.29:178][  0]LogTemp: Display: Loaded TP TVOSTargetPlatform
[2018.01.09-16.49.29:307][  0]LogTemp: Display: Loaded TP LinuxClientTargetPlatform
[2018.01.09-16.49.29:396][  0]LogTemp: Display: Loaded TP LinuxNoEditorTargetPlatform
[2018.01.09-16.49.29:481][  0]LogTemp: Display: Loaded TP LinuxServerTargetPlatform
[2018.01.09-16.49.29:571][  0]LogTemp: Display: Loaded TP LinuxTargetPlatform
[2018.01.09-16.49.29:571][  0]LogTargetPlatformManager: Display: Building Assets For Windows
[2018.01.09-16.49.30:407][  0]LogDerivedDataCache: Display: Max Cache Size: 512 MB
[2018.01.09-16.49.30:546][  0]LogDerivedDataCache: Loaded boot cache 0.14s 92MB C:/Users/wndud/AppData/Local/UnrealEngine/4.18/DerivedDataCache/Boot.ddc.
[2018.01.09-16.49.30:547][  0]LogDerivedDataCache: Display: Loaded Boot cache: C:/Users/wndud/AppData/Local/UnrealEngine/4.18/DerivedDataCache/Boot.ddc
[2018.01.09-16.49.30:547][  0]LogDerivedDataCache: FDerivedDataBackendGraph:  Pak pak cache file D:/김주영/Unreal-Project/UVminigame_level/DerivedDataCache/DDC.ddp not found, will not use a pak cache.
[2018.01.09-16.49.30:547][  0]LogDerivedDataCache: Unable to find inner node Pak for hierarchical cache Hierarchy.
[2018.01.09-16.49.30:547][  0]LogDerivedDataCache: FDerivedDataBackendGraph:  CompressedPak pak cache file D:/김주영/Unreal-Project/UVminigame_level/DerivedDataCache/Compressed.ddp not found, will not use a pak cache.
[2018.01.09-16.49.30:547][  0]LogDerivedDataCache: Unable to find inner node CompressedPak for hierarchical cache Hierarchy.
[2018.01.09-16.49.30:567][  0]LogDerivedDataCache: Display: Pak cache opened for reading ../../../Engine/DerivedDataCache/Compressed.ddp.
[2018.01.09-16.49.30:581][  0]LogDerivedDataCache: Using Local data cache path C:/Users/wndud/AppData/Local/UnrealEngine/Common/DerivedDataCache: Writable
[2018.01.09-16.49.30:592][  0]LogMaterial: Verifying Global Shaders for PCD3D_SM5
[2018.01.09-16.49.30:593][  0]LogSlate: Using Freetype 2.6.0
[2018.01.09-16.49.30:595][  0]LogSlate: SlateFontCache - WITH_FREETYPE: 1, WITH_HARFBUZZ: 1
[2018.01.09-16.49.30:595][  0]LogSlate: SlateFontCache - WITH_FREETYPE: 1, WITH_HARFBUZZ: 1
[2018.01.09-16.49.31:104][  0]LogInit: Selected Device Profile: [Windows]
[2018.01.09-16.49.31:617][  0]LogSimplygon: Simplygon DLL not present - disabling.
[2018.01.09-16.49.31:686][  0]LogMeshReduction: Using SimplygonSwarm for distributed automatic mesh merging
[2018.01.09-16.49.31:686][  0]LogMeshReduction: Using QuadricMeshReduction for automatic static mesh reduction
[2018.01.09-16.49.31:686][  0]LogMeshReduction: No automatic skeletal mesh reduction module available
[2018.01.09-16.49.31:686][  0]LogMeshReduction: No automatic mesh merging module available
[2018.01.09-16.49.31:687][  0]LogMeshMerging: No automatic mesh merging module available
[2018.01.09-16.49.31:728][  0]LogNetVersion: UVminigame_level , NetCL: 3709383, EngineNetVer: 2, GameNetVer: 0 (Checksum: 1882873586)
[2018.01.09-16.49.31:962][  0]LogAssetRegistry: FAssetRegistry took 0.0268 seconds to start up
[2018.01.09-16.49.32:805][  0]LogPackageLocalizationCache: Processed 7 localized package path(s) for 2 prioritized culture(s) in 0.134850 seconds
[2018.01.09-16.49.32:814][  0]LogUObjectArray: 35900 objects as part of root set at end of initial load.
[2018.01.09-16.49.32:814][  0]LogUObjectAllocator: 7372016 out of 0 bytes used by permanent object pool.
[2018.01.09-16.49.32:814][  0]LogUObjectArray: CloseDisregardForGC: 0/0 objects in disregard for GC pool
[2018.01.09-16.49.32:904][  0]LogInit: WinSock: version 1.1 (2.2), MaxSocks=32767, MaxUdp=65467
[2018.01.09-16.49.37:146][  0]LogTcpMessaging: Initializing TcpMessaging bridge
[2018.01.09-16.49.37:205][  0]LogUdpMessaging: Initializing bridge on interface 0.0.0.0:0 to multicast group 230.0.0.1:6666.
[2018.01.09-16.49.38:321][  0]LogMaterial: Uniform references updated for custom material expression Custom.
[2018.01.09-16.49.39:020][  0]SourceControl: 소스 콘트롤이 꺼졌습니다.
[2018.01.09-16.49.39:020][  0]SourceControl: 소스 콘트롤이 꺼졌습니다.
[2018.01.09-16.49.39:109][  0]SourceControl: 소스 콘트롤이 꺼졌습니다.
[2018.01.09-16.49.39:196][  0]SourceControl: 소스 콘트롤이 꺼졌습니다.
[2018.01.09-16.49.40:555][  0]LogAndroidPermission: UAndroidPermissionCallbackProxy::GetInstance
[2018.01.09-16.49.40:984][  0]LogOcInput: OculusInput pre-init called
[2018.01.09-16.49.41:507][  0]LogEngine: Initializing Engine...
[2018.01.09-16.49.41:535][  0]LogHMD: Failed to initialize OpenVR with code 126
[2018.01.09-16.49.41:846][  0]LogStats: UGameplayTagsManager::ConstructGameplayTagTree: Construct from data asset -  0.000 s
[2018.01.09-16.49.41:846][  0]LogStats: UGameplayTagsManager::ConstructGameplayTagTree: GameplayTagTreeChangedEvent.Broadcast -  0.000 s
[2018.01.09-16.49.42:071][  0]LogAIModule: Creating AISystem for world Untitled
[2018.01.09-16.49.42:098][  0]LogInit: XAudio2 using '스피커(Logitech G433 Gaming Headset)' : 6 channels at 48 kHz using 16 bits per sample (channel mask 0x3f)
[2018.01.09-16.49.42:123][  0]LogInit: FAudioDevice initialized.
[2018.01.09-16.49.42:229][  0]LogDerivedDataCache: Saved boot cache 0.11s 78MB C:/Users/wndud/AppData/Local/UnrealEngine/4.18/DerivedDataCache/Boot.ddc.
[2018.01.09-16.49.42:248][  0]LogInit: Texture streaming: Enabled
[2018.01.09-16.49.42:437][  0]LogEngineSessionManager: EngineSessionManager initialized
[2018.01.09-16.49.42:665][  0]LogInit: Transaction tracking system initialized
[2018.01.09-16.49.43:249][  0]BlueprintLog: New page: 에디터 로드
[2018.01.09-16.49.44:937][  0]LocalizationService: 현지화 서비스가 비활성화되었습니다.
[2018.01.09-16.49.46:337][  0]LogConsoleResponse: Display: 
[2018.01.09-16.49.46:589][  0]LogCook: Display: Max memory allowance for cook 16384mb min free memory 0mb
[2018.01.09-16.49.46:589][  0]LogCook: Display: Mobile HDR setting 1
[2018.01.09-16.49.46:589][  0]LogGameplayTags: Display: UGameplayTagsManager::DoneAddingNativeTags. DelegateIsBound: 0
[2018.01.09-16.49.47:208][  0]LogFileCache: Scanning file cache for directory 'D:/김주영/Unreal-Project/UVminigame_level/Content/' took 0.02s
[2018.01.09-16.49.48:748][  0]SourceControl: 소스 콘트롤이 꺼졌습니다.
[2018.01.09-16.49.48:748][  0]Cmd: MAP LOAD FILE="D:/김주영/Unreal-Project/UVminigame_level/Content/FirstPersonBP/Maps/FirstPersonExampleMap.umap" TEMPLATE=0 SHOWPROGRESS=1 FEATURELEVEL=3
[2018.01.09-16.49.48:771][  0]LightingResults: New page: 라이팅 빌드
[2018.01.09-16.49.48:844][  0]MapCheck: New page: 맵 체크
[2018.01.09-16.49.48:845][  0]LightingResults: New page: 라이팅 빌드
[2018.01.09-16.49.50:951][  0]LogAIModule: Creating AISystem for world FirstPersonExampleMap
[2018.01.09-16.49.50:978][  0]LogEditorServer: Finished looking for orphan Actors (0.000 secs)
[2018.01.09-16.49.51:000][  0]Cmd: MAP CHECKDEP NOCLEARLOG
[2018.01.09-16.49.51:086][  0]MapCheck: 맵 체크 완료: 오류 0 회, 경고 0 회, 소요 시간 85.527ms.
[2018.01.09-16.49.51:086][  0]LogFileHelpers: Loading map 'FirstPersonExampleMap' took 2.338
[2018.01.09-16.49.51:350][  0]LogCollectionManager: Loaded 0 collections in 0.000883 seconds
[2018.01.09-16.49.51:478][  0]LogFileCache: Scanning file cache for directory 'D:/김주영/Unreal-Project/UVminigame_level/Saved/Collections/' took 0.01s
[2018.01.09-16.49.51:478][  0]LogFileCache: Scanning file cache for directory 'D:/김주영/Unreal-Project/UVminigame_level/Content/Developers/wndud/Collections/' took 0.01s
[2018.01.09-16.49.51:478][  0]LogFileCache: Scanning file cache for directory 'D:/김주영/Unreal-Project/UVminigame_level/Content/Collections/' took 0.01s
[2018.01.09-16.49.51:478][  0]LogCollectionManager: Rebuilt the GUID cache for 0 collections in 0.000001 seconds
[2018.01.09-16.49.51:490][  0]LogContentBrowser: Native class hierarchy populated in 0.0093 seconds. Added 2363 classes and 519 folders.
[2018.01.09-16.49.51:600][  0]LogContentBrowser: Native class hierarchy updated for 'WidgetCarousel' in 0.0003 seconds. Added 0 classes and 0 folders.
[2018.01.09-16.49.52:063][  0]LogContentBrowser: Native class hierarchy updated for 'AddContentDialog' in 0.0003 seconds. Added 0 classes and 0 folders.
[2018.01.09-16.49.52:143][  0]LogContentBrowser: Native class hierarchy updated for 'SceneOutliner' in 0.0014 seconds. Added 1 classes and 2 folders.
[2018.01.09-16.49.52:320][  0]LogContentBrowser: Native class hierarchy updated for 'HierarchicalLODOutliner' in 0.0002 seconds. Added 1 classes and 2 folders.
[2018.01.09-16.49.52:321][  0]LogLoad: (Engine Initialization) Total time: 30.89 seconds
[2018.01.09-16.49.52:321][  0]LogLoad: (Engine Initialization) Total Blueprint compile time: 0.00 seconds
[2018.01.09-16.49.52:321][  0]LogExternalProfiler: No external profilers were discovered.  External profiling features will not be available.
[2018.01.09-16.49.52:683][  0]LogContentStreaming: Texture pool size now 1000 MB
[2018.01.09-16.49.52:684][  0]LogSlate: Took 0.000267 seconds to synchronously load lazily loaded font '../../../Engine/Content/Slate/Fonts/Roboto-Regular.ttf' (155K)
[2018.01.09-16.49.52:689][  0]LogSlate: Took 0.003133 seconds to synchronously load lazily loaded font '../../../Engine/Content/Slate/Fonts/NanumGothic.ttf' (4243K)
[2018.01.09-16.49.52:690][  0]LogSlate: Took 0.000319 seconds to synchronously load lazily loaded font '../../../Engine/Content/Slate/Fonts/Roboto-Bold.ttf' (160K)
[2018.01.09-16.49.52:703][  0]LogSlate: Took 0.005968 seconds to synchronously load lazily loaded font '../../../Engine/Content/Editor/Slate/Fonts/FontAwesome.ttf' (139K)
[2018.01.09-16.49.52:967][  0]LogSlate: Took 0.007106 seconds to synchronously load lazily loaded font '../../../Engine/Content/Slate/Fonts/Roboto-Light.ttf' (159K)
[2018.01.09-16.49.53:020][  1]LogRenderer: Reallocating scene render targets to support 804x360 Format 10 NumSamples 1 (Frame:1).
[2018.01.09-16.49.53:020][  1]LogAssetRegistry: Asset discovery search completed in 21.0809 seconds
[2018.01.09-16.49.53:022][  1]LogCollectionManager: Rebuilt the object cache for 0 collections in 0.000000 seconds (found 0 objects)
[2018.01.09-16.49.53:023][  1]LogCollectionManager: Fixed up redirectors for 0 collections in 0.000075 seconds (updated 0 objects)
[2018.01.09-16.49.53:680][  3]LogSlate: Took 0.000411 seconds to synchronously load lazily loaded font '../../../Engine/Content/Slate/Fonts/Roboto-Light.ttf' (159K)
[2018.01.09-16.50.09:142][705]Cmd: MAP LOAD FILE="D:/김주영/Unreal-Project/UVminigame_level/Content/Officelevel.umap" TEMPLATE=0 SHOWPROGRESS=1 FEATURELEVEL=3
[2018.01.09-16.50.09:152][705]LogSlate: Took 0.000151 seconds to synchronously load lazily loaded font '../../../Engine/Content/Slate/Fonts/Roboto-Light.ttf' (159K)
[2018.01.09-16.50.09:164][705]LightingResults: New page: 라이팅 빌드
[2018.01.09-16.50.09:166][705]LoadErrors: New page: 맵 로드중: Officelevel.umap
[2018.01.09-16.50.09:171][705]MapCheck: New page: 맵 체크
[2018.01.09-16.50.09:171][705]LightingResults: New page: 라이팅 빌드
[2018.01.09-16.50.10:028][705]LogSlate: Took 0.000188 seconds to synchronously load lazily loaded font '../../../Engine/Content/Slate/Fonts/Roboto-Regular.ttf' (155K)
[2018.01.09-16.50.10:598][705]LogAIModule: Creating AISystem for world Officelevel
[2018.01.09-16.50.10:635][705]LogEditorServer: Finished looking for orphan Actors (0.000 secs)
[2018.01.09-16.50.10:684][705]Cmd: MAP CHECKDEP NOCLEARLOG
[2018.01.09-16.50.10:768][705]MapCheck: 맵 체크 완료: 오류 0 회, 경고 0 회, 소요 시간 84.566ms.
[2018.01.09-16.50.10:769][705]LogFileHelpers: Loading map 'Officelevel' took 1.627
[2018.01.09-16.50.11:826][757]LogRenderer: Reallocating scene render targets to support 1208x576 Format 10 NumSamples 1 (Frame:52).
[2018.01.09-16.50.17:086][217]LogTemp: Repeating last play command: 선택된 뷰포트
[2018.01.09-16.50.17:194][217]LogBlueprintUserMessages: Early PlayInEditor Detection: Level '/Game/Officelevel.Officelevel:PersistentLevel' has LevelScriptBlueprint '/Game/Officelevel.Officelevel:PersistentLevel.Officelevel' with GeneratedClass '/Game/Officelevel.Officelevel_C' with ClassGeneratedBy '/Game/Officelevel.Officelevel:PersistentLevel.Officelevel'
[2018.01.09-16.50.17:196][217]LogPlayLevel: PlayLevel: No blueprints needed recompiling
[2018.01.09-16.50.17:197][217]PIE: New page: PIE 세션: Officelevel (2018. 1. 10. 오전 10:50:17)
[2018.01.09-16.50.17:197][217]LogPlayLevel: Creating play world package: /Game/UEDPIE_0_Officelevel
[2018.01.09-16.50.17:213][217]LogPlayLevel: PIE: StaticDuplicateObject took: (0.015588s)
[2018.01.09-16.50.17:213][217]LogAIModule: Creating AISystem for world Officelevel
[2018.01.09-16.50.17:213][217]LogPlayLevel: PIE: World Init took: (0.000767s)
[2018.01.09-16.50.17:214][217]LogPlayLevel: PIE: Created PIE world by copying editor world from /Game/Officelevel.Officelevel to /Game/UEDPIE_0_Officelevel.Officelevel (0.016738s)
[2018.01.09-16.50.17:240][217]LogInit: XAudio2 using '스피커(Logitech G433 Gaming Headset)' : 6 channels at 48 kHz using 16 bits per sample (channel mask 0x3f)
[2018.01.09-16.50.17:261][217]LogInit: FAudioDevice initialized.
[2018.01.09-16.50.17:308][217]LogLoad: Game class is 'FirstPersonGameMode_C'
[2018.01.09-16.50.17:315][217]LogWorld: Bringing World /Game/UEDPIE_0_Officelevel.Officelevel up for play (max tick rate 0) at 2018.01.10-01.50.17
[2018.01.09-16.50.17:317][217]LogWorld: Bringing up level for play took: 0.006864
[2018.01.09-16.50.17:384][217]LogContentBrowser: Native class hierarchy updated for 'MovieSceneCapture' in 0.0003 seconds. Added 11 classes and 0 folders.
[2018.01.09-16.50.17:389][217]PIE: /Game/UEDPIE_0_Officelevel 에 대한 에디터에서 플레이 시작 시간: 0.762
[2018.01.09-16.50.17:389][217]LogBlueprintUserMessages: Late PlayInEditor Detection: Level '/Game/Officelevel.Officelevel:PersistentLevel' has LevelScriptBlueprint '/Game/Officelevel.Officelevel:PersistentLevel.Officelevel' with GeneratedClass '/Game/Officelevel.Officelevel_C' with ClassGeneratedBy '/Game/Officelevel.Officelevel:PersistentLevel.Officelevel'
[2018.01.09-16.50.27:716][172]LogCharacterMovement: FirstPersonCharacter_C_0 is stuck and failed to move! Velocity: X=6.19 Y=24.87 Z=0.00 Location: X=-450.76 Y=226.99 Z=109.72 Normal: X=-0.95 Y=-0.32 Z=-0.00 PenetrationDepth:2.922 Actor:Door Component:StaticMeshComponent0 BoneName:None (0 other events since notify)
[2018.01.09-16.50.53:182][497]LogBlueprintUserMessages: Early EndPlayMap Detection: Level '/Game/Officelevel.Officelevel:PersistentLevel' has LevelScriptBlueprint '/Game/Officelevel.Officelevel:PersistentLevel.Officelevel' with GeneratedClass '/Game/Officelevel.Officelevel_C' with ClassGeneratedBy '/Game/Officelevel.Officelevel:PersistentLevel.Officelevel'
[2018.01.09-16.50.53:259][497]LogBlueprintUserMessages: Late EndPlayMap Detection: Level '/Game/Officelevel.Officelevel:PersistentLevel' has LevelScriptBlueprint '/Game/Officelevel.Officelevel:PersistentLevel.Officelevel' with GeneratedClass '/Game/Officelevel.Officelevel_C' with ClassGeneratedBy '/Game/Officelevel.Officelevel:PersistentLevel.Officelevel'
[2018.01.09-16.51.12:059][567]LogMaterial: Missing cached shader map for material M_Lamp, compiling. 
[2018.01.09-16.51.51:646][ 27]LogEditorViewport: Clicking on Actor (LMB): Blueprint_WallSconce_C (Blueprint_WallSconce)
[2018.01.09-16.52.53:437][274]LogEditorViewport: Clicking on Actor (LMB): Blueprint_WallSconce_C (Blueprint_WallSconce2)
[2018.01.09-16.52.54:402][357]LogSlate: Took 0.006328 seconds to synchronously load lazily loaded font '../../../Engine/Content/Editor/Slate/Fonts/Roboto-Italic.ttf' (157K)
[2018.01.09-16.53.01:984][  4]LogEditorViewport: Clicking on Actor (CTRL LMB): Blueprint_WallSconce_C (Blueprint_WallSconce)
[2018.01.09-16.53.07:325][438]LogEditorViewport: Clicking on Actor (LMB): Blueprint_WallSconce_C (Blueprint_WallSconce4)
[2018.01.09-16.53.10:051][684]LogEditorViewport: Clicking on Actor (LMB): Blueprint_WallSconce_C (Blueprint_WallSconce3)
[2018.01.09-16.53.32:450][839]LogEditorViewport: Clicking on Actor (LMB): StaticMeshActor (SM_TableRound)
[2018.01.09-16.53.37:884][262]LogActorFactory: Actor Factory created SM_Couch
[2018.01.09-16.53.39:108][352]LogActorFactory: Actor Factory created SM_Couch
[2018.01.09-16.53.40:321][460]Cmd: DELETE
[2018.01.09-16.53.40:322][460]Cmd: ACTOR DELETE
[2018.01.09-16.53.40:330][460]LogEditorActor: Deleted Actor: StaticMeshActor
[2018.01.09-16.53.40:352][460]LogEditorActor: Deleted 1 Actors (0.028 secs)
[2018.01.09-16.53.41:753][617]LogEditorViewport: Clicking on Actor (LMB): StaticMeshActor (SM_TableRound)
[2018.01.09-16.54.54:322][518]Cmd: SELECT NONE
[2018.01.09-16.55.02:125][186]MapCheck: New page: 맵 체크
[2018.01.09-16.55.02:144][186]Cmd: MAP REBUILD ALLVISIBLE
[2018.01.09-16.55.02:145][186]LogEditorServer: Rebuildmap Clear paths rebuilt
[2018.01.09-16.55.02:274][186]LogMaterial: Missing cached shader map for material FDebugViewModeMaterialProxy WorldGridMaterial, compiling. Is special engine material.
[2018.01.09-16.55.02:281][186]LogMaterial: Missing cached shader map for material FDebugViewModeMaterialProxy MaterialInstanceDynamic_1, compiling. 
[2018.01.09-16.55.02:288][186]LogMaterial: Missing cached shader map for material FDebugViewModeMaterialProxy M_Basic_Wall, compiling. 
[2018.01.09-16.55.02:295][186]LogMaterial: Missing cached shader map for material FDebugViewModeMaterialProxy M_Wood_Floor_Walnut_Polished, compiling. 
[2018.01.09-16.55.02:301][186]LogMaterial: Missing cached shader map for material FDebugViewModeMaterialProxy M_Rock_Marble_Polished, compiling. 
[2018.01.09-16.55.02:308][186]LogMaterial: Missing cached shader map for material FDebugViewModeMaterialProxy M_Brick_Clay_New, compiling. 
[2018.01.09-16.55.02:316][186]LogMaterial: Missing cached shader map for material FDebugViewModeMaterialProxy M_Basic_Floor, compiling. 
[2018.01.09-16.55.02:323][186]LogMaterial: Missing cached shader map for material FDebugViewModeMaterialProxy M_Frame, compiling. 
[2018.01.09-16.55.02:330][186]LogMaterial: Missing cached shader map for material FDebugViewModeMaterialProxy M_Glass, compiling. 
[2018.01.09-16.55.02:338][186]LogMaterial: Missing cached shader map for material FDebugViewModeMaterialProxy M_TableRound, compiling. 
[2018.01.09-16.55.02:346][186]LogMaterial: Missing cached shader map for material FDebugViewModeMaterialProxy M_Chair, compiling. 
[2018.01.09-16.55.02:355][186]LogMaterial: Missing cached shader map for material FDebugViewModeMaterialProxy M_Lamp, compiling. 
[2018.01.09-16.55.04:055][186]TextureStreamingBuild: Display: Compiling optional shaders took 1.788 seconds.
[2018.01.09-16.55.04:102][186]LogLevel: Display: Export Material TexCoord Scales took 0.048 seconds.
[2018.01.09-16.55.04:132][186]TextureStreamingBuild: Display: Build Texture Streaming took 0.029 seconds.
[2018.01.09-16.55.04:144][186]LightingResults: New page: 라이팅 빌드 - 2018. 1. 10. 오전 10:55:04
[2018.01.09-16.55.04:210][186]LogSwarmInterface: [OpenConnection] Registering TCP channel ...
[2018.01.09-16.55.04:282][186]LogSwarmInterface: [OpenConnection] Connecting to agent ...
[2018.01.09-16.55.04:300][186]LogSwarmInterface: [TryOpenConnection] Testing the Agent
[2018.01.09-16.55.05:343][186]LogSwarmInterface: [TryOpenConnection] Opening Connection to Agent
[2018.01.09-16.55.05:343][186]LogSwarmInterface: [TryOpenConnection] Local Process ID is 14240
[2018.01.09-16.55.07:724][186]LogStaticLightingSystem: Warning: No importance volume found, so the scene bounding box was used.  You can optimize your scene's quality and lighting build times by adding importance volumes.
[2018.01.09-16.55.07:725][186]LogStaticLightingSystem: Running Lightmass w/ ImmediateImport mode ENABLED
[2018.01.09-16.55.07:725][186]LogStaticLightingSystem: Running Lightmass w/ ImmediateProcess mode ENABLED
[2018.01.09-16.55.07:725][186]LogStaticLightingSystem: Running Lightmass w/ Sorting mode ENABLED
[2018.01.09-16.55.07:725][186]LogStaticLightingSystem: Running Lightmass w/ Mapping paddings ENABLED
[2018.01.09-16.55.07:725][186]LogStaticLightingSystem: Running Lightmass w/ Mapping debug paddings DISABLED
[2018.01.09-16.55.08:028][186]Cmd: MAP CHECK DONTDISPLAYDIALOG
[2018.01.09-16.55.08:028][186]MapCheck: New page: Officelevel - 2018. 1. 10. 오전 10:55:08
[2018.01.09-16.55.08:030][186]MapCheck: Error: WorldSettings_1 맵 라이팅을 리빌드해야 합니다. 
[2018.01.09-16.55.08:101][186]MapCheck: 맵 체크 완료: 오류 1 회, 경고 0 회, 소요 시간 72.81ms.
[2018.01.09-16.55.08:124][186]LogEditorBuildUtils: Build time 0:05
[2018.01.09-16.55.08:299][187]LogMaterial: Missing cached shader map for material FLightmassMaterialRenderer M_Glass, compiling. 
[2018.01.09-16.55.08:307][187]LogMaterial: Missing cached shader map for material FLightmassMaterialRenderer M_Glass, compiling. 
[2018.01.09-16.55.08:419][188]LogMaterial: Missing cached shader map for material FLightmassMaterialRenderer M_TableRound, compiling. 
[2018.01.09-16.55.08:429][188]LogMaterial: Missing cached shader map for material FLightmassMaterialRenderer M_TableRound, compiling. 
[2018.01.09-16.55.08:505][189]LogMaterial: Missing cached shader map for material FLightmassMaterialRenderer M_Chair, compiling. 
[2018.01.09-16.55.08:514][189]LogMaterial: Missing cached shader map for material FLightmassMaterialRenderer M_Chair, compiling. 
[2018.01.09-16.55.40:889][851]Job is a success!
[2018.01.09-16.55.40:988][852]LogVolumetricLightmapImport: Imported Volumetric Lightmap in 0.009s
[2018.01.09-16.55.40:988][852]LogVolumetricLightmapImport:      Indirection Texture 16x16x16 = 0.0Mb
[2018.01.09-16.55.40:988][852]LogVolumetricLightmapImport:      BrickData 100x5x5 = 0.1Mb
[2018.01.09-16.55.40:988][852]LogVolumetricLightmapImport:      Bricks at Level
[2018.01.09-16.55.40:988][852]LogVolumetricLightmapImport:          0: 5.0% covering 100.0% of volume
[2018.01.09-16.55.40:988][852]LogVolumetricLightmapImport:          1: 5.0% covering 1.6% of volume
[2018.01.09-16.55.40:988][852]LogVolumetricLightmapImport:          2: 90.0% covering 0.4% of volume
[2018.01.09-16.55.43:889][852]LogTexture: Display: 텍스처 빌드: HQ_Lightmap0_1 (AutoDXT, 1024X1024)
[2018.01.09-16.55.43:889][852]LogTexture: Display: 텍스처 빌드: LQ_Lightmap_0_1 (DXT1, 1024X1024)
[2018.01.09-16.55.43:889][852]LogTexture: Display: 텍스처 빌드: HQ_Lightmap0_2 (AutoDXT, 1024X1024)
[2018.01.09-16.55.43:889][852]LogTexture: Display: 텍스처 빌드: LQ_Lightmap_0_2 (DXT1, 1024X1024)
[2018.01.09-16.55.43:889][852]LogTexture: Display: 텍스처 빌드: HQ_Lightmap0_3 (AutoDXT, 1024X1024)
[2018.01.09-16.55.43:889][852]LogTexture: Display: 텍스처 빌드: LQ_Lightmap_0_3 (DXT1, 1024X1024)
[2018.01.09-16.55.43:889][852]LogTexture: Display: 텍스처 빌드: HQ_Lightmap0_4 (AutoDXT, 256X256)
[2018.01.09-16.55.43:889][852]LogTexture: Display: 텍스처 빌드: LQ_Lightmap_0_4 (DXT1, 256X256)
[2018.01.09-16.55.43:889][852]LogTexture: Display: 텍스처 빌드: HQ_Lightmap0_5 (AutoDXT, 64X64)
[2018.01.09-16.55.43:889][852]LogTexture: Display: 텍스처 빌드: LQ_Lightmap_0_5 (DXT1, 64X64)
[2018.01.09-16.55.44:026][852]LogTexture: Display: 텍스처 빌드: ShadowMapTexture2D_2 (G8, 32X32)
[2018.01.09-16.55.44:026][852]LogTexture: Display: 텍스처 빌드: ShadowMapTexture2D_1 (G8, 256X128)
[2018.01.09-16.55.44:026][852]LogTexture: Display: 텍스처 빌드: ShadowMapTexture2D_0 (G8, 1024X512)
[2018.01.09-16.55.44:076][852]Lightmass on DESKTOP-I0MM8TB: 32.9 sec total, 382 ms importing, 95 ms setup, 3.86 sec photons, 28.5 sec processing, 0 ms extra exporting [146/146 mappings]. Threads: 1:54 min total, 1:14 min processing.
[2018.01.09-16.55.44:105][852]LogStaticLightingSystem: Illumination: 39.9 sec (2.74 sec encoding lightmaps, 132 ms encoding shadowmaps)
[2018.01.09-16.55.44:105][852]LogStaticLightingSystem: Lightmap texture memory:  6.1 MB (6.0 MB streaming, 0.1 MB non-streaming), 10 textures
[2018.01.09-16.55.44:105][852]LogStaticLightingSystem: Shadowmap texture memory: 0.7 MB (0.7 MB streaming, 0.0 MB non-streaming), 3 textures
[2018.01.09-16.55.44:746][852]DumpUnbuiltLightIteractions
[2018.01.09-16.55.44:747][852]Lights with unbuilt interactions: 0
[2018.01.09-16.55.44:747][852]
[2018.01.09-16.55.44:747][852]Primitives with unbuilt interactions: 0
[2018.01.09-16.55.44:757][853]Cmd: MAP CHECK NOTIFYRESULTS
[2018.01.09-16.55.44:758][853]MapCheck: New page: Officelevel - 2018. 1. 10. 오전 10:55:44
[2018.01.09-16.55.44:840][853]MapCheck: 맵 체크 완료: 오류 0 회, 경고 0 회, 소요 시간 82.67ms.
[2018.01.09-16.55.48:479][187]LogTemp: Repeating last play command: 선택된 뷰포트
[2018.01.09-16.55.48:499][187]LogBlueprintUserMessages: Early PlayInEditor Detection: Level '/Game/Officelevel.Officelevel:PersistentLevel' has LevelScriptBlueprint '/Game/Officelevel.Officelevel:PersistentLevel.Officelevel' with GeneratedClass '/Game/Officelevel.Officelevel_C' with ClassGeneratedBy '/Game/Officelevel.Officelevel:PersistentLevel.Officelevel'
[2018.01.09-16.55.48:499][187]LogPlayLevel: PlayLevel: No blueprints needed recompiling
[2018.01.09-16.55.48:499][187]PIE: New page: PIE 세션: Officelevel (2018. 1. 10. 오전 10:55:48)
[2018.01.09-16.55.48:499][187]LogPlayLevel: Creating play world package: /Game/UEDPIE_0_Officelevel
[2018.01.09-16.55.48:512][187]LogPlayLevel: PIE: StaticDuplicateObject took: (0.012626s)
[2018.01.09-16.55.48:512][187]LogAIModule: Creating AISystem for world Officelevel
[2018.01.09-16.55.48:512][187]LogPlayLevel: PIE: World Init took: (0.000702s)
[2018.01.09-16.55.48:513][187]LogPlayLevel: PIE: Created PIE world by copying editor world from /Game/Officelevel.Officelevel to /Game/UEDPIE_0_Officelevel.Officelevel (0.013950s)
[2018.01.09-16.55.48:536][187]LogInit: XAudio2 using '스피커(Logitech G433 Gaming Headset)' : 6 channels at 48 kHz using 16 bits per sample (channel mask 0x3f)
[2018.01.09-16.55.48:550][187]LogInit: FAudioDevice initialized.
[2018.01.09-16.55.48:587][187]LogLoad: Game class is 'FirstPersonGameMode_C'
[2018.01.09-16.55.48:592][187]LogWorld: Bringing World /Game/UEDPIE_0_Officelevel.Officelevel up for play (max tick rate 0) at 2018.01.10-01.55.48
[2018.01.09-16.55.48:592][187]LogWorld: Bringing up level for play took: 0.004643
[2018.01.09-16.55.48:596][187]PIE: /Game/UEDPIE_0_Officelevel 에 대한 에디터에서 플레이 시작 시간: -0.03
[2018.01.09-16.55.48:597][187]LogBlueprintUserMessages: Late PlayInEditor Detection: Level '/Game/Officelevel.Officelevel:PersistentLevel' has LevelScriptBlueprint '/Game/Officelevel.Officelevel:PersistentLevel.Officelevel' with GeneratedClass '/Game/Officelevel.Officelevel_C' with ClassGeneratedBy '/Game/Officelevel.Officelevel:PersistentLevel.Officelevel'
[2018.01.09-16.56.15:988][286]LogBlueprintUserMessages: Early EndPlayMap Detection: Level '/Game/Officelevel.Officelevel:PersistentLevel' has LevelScriptBlueprint '/Game/Officelevel.Officelevel:PersistentLevel.Officelevel' with GeneratedClass '/Game/Officelevel.Officelevel_C' with ClassGeneratedBy '/Game/Officelevel.Officelevel:PersistentLevel.Officelevel'
[2018.01.09-16.56.16:027][286]LogBlueprintUserMessages: Late EndPlayMap Detection: Level '/Game/Officelevel.Officelevel:PersistentLevel' has LevelScriptBlueprint '/Game/Officelevel.Officelevel:PersistentLevel.Officelevel' with GeneratedClass '/Game/Officelevel.Officelevel_C' with ClassGeneratedBy '/Game/Officelevel.Officelevel:PersistentLevel.Officelevel'
[2018.01.09-16.56.27:282][249]LogTemp: Repeating last play command: 선택된 뷰포트
[2018.01.09-16.56.27:301][249]LogBlueprintUserMessages: Early PlayInEditor Detection: Level '/Game/Officelevel.Officelevel:PersistentLevel' has LevelScriptBlueprint '/Game/Officelevel.Officelevel:PersistentLevel.Officelevel' with GeneratedClass '/Game/Officelevel.Officelevel_C' with ClassGeneratedBy '/Game/Officelevel.Officelevel:PersistentLevel.Officelevel'
[2018.01.09-16.56.27:301][249]LogPlayLevel: PlayLevel: No blueprints needed recompiling
[2018.01.09-16.56.27:302][249]PIE: New page: PIE 세션: Officelevel (2018. 1. 10. 오전 10:56:27)
[2018.01.09-16.56.27:302][249]LogPlayLevel: Creating play world package: /Game/UEDPIE_0_Officelevel
[2018.01.09-16.56.27:315][249]LogPlayLevel: PIE: StaticDuplicateObject took: (0.013179s)
[2018.01.09-16.56.27:316][249]LogAIModule: Creating AISystem for world Officelevel
[2018.01.09-16.56.27:316][249]LogPlayLevel: PIE: World Init took: (0.000690s)
[2018.01.09-16.56.27:316][249]LogPlayLevel: PIE: Created PIE world by copying editor world from /Game/Officelevel.Officelevel to /Game/UEDPIE_0_Officelevel.Officelevel (0.014244s)
[2018.01.09-16.56.27:336][249]LogInit: XAudio2 using '스피커(Logitech G433 Gaming Headset)' : 6 channels at 48 kHz using 16 bits per sample (channel mask 0x3f)
[2018.01.09-16.56.27:349][249]LogInit: FAudioDevice initialized.
[2018.01.09-16.56.27:382][249]LogLoad: Game class is 'FirstPersonGameMode_C'
[2018.01.09-16.56.27:387][249]LogWorld: Bringing World /Game/UEDPIE_0_Officelevel.Officelevel up for play (max tick rate 0) at 2018.01.10-01.56.27
[2018.01.09-16.56.27:387][249]LogWorld: Bringing up level for play took: 0.004770
[2018.01.09-16.56.27:390][249]PIE: /Game/UEDPIE_0_Officelevel 에 대한 에디터에서 플레이 시작 시간: 0.764
[2018.01.09-16.56.27:390][249]LogBlueprintUserMessages: Late PlayInEditor Detection: Level '/Game/Officelevel.Officelevel:PersistentLevel' has LevelScriptBlueprint '/Game/Officelevel.Officelevel:PersistentLevel.Officelevel' with GeneratedClass '/Game/Officelevel.Officelevel_C' with ClassGeneratedBy '/Game/Officelevel.Officelevel:PersistentLevel.Officelevel'
[2018.01.09-16.56.40:805][730]LogBlueprintUserMessages: Early EndPlayMap Detection: Level '/Game/Officelevel.Officelevel:PersistentLevel' has LevelScriptBlueprint '/Game/Officelevel.Officelevel:PersistentLevel.Officelevel' with GeneratedClass '/Game/Officelevel.Officelevel_C' with ClassGeneratedBy '/Game/Officelevel.Officelevel:PersistentLevel.Officelevel'
[2018.01.09-16.56.40:843][730]LogBlueprintUserMessages: Late EndPlayMap Detection: Level '/Game/Officelevel.Officelevel:PersistentLevel' has LevelScriptBlueprint '/Game/Officelevel.Officelevel:PersistentLevel.Officelevel' with GeneratedClass '/Game/Officelevel.Officelevel_C' with ClassGeneratedBy '/Game/Officelevel.Officelevel:PersistentLevel.Officelevel'
[2018.01.09-16.57.17:374][152]MapCheck: New page: 맵 체크
[2018.01.09-16.57.17:387][152]Cmd: MAP REBUILD ALLVISIBLE
[2018.01.09-16.57.17:387][152]LogEditorServer: Rebuildmap Clear paths rebuilt
[2018.01.09-16.57.17:468][152]LogMaterial: Missing cached shader map for material FDebugViewModeMaterialProxy WorldGridMaterial, compiling. Is special engine material.
[2018.01.09-16.57.17:475][152]LogMaterial: Missing cached shader map for material FDebugViewModeMaterialProxy MaterialInstanceDynamic_2, compiling. 
[2018.01.09-16.57.17:482][152]LogMaterial: Missing cached shader map for material FDebugViewModeMaterialProxy M_Basic_Wall, compiling. 
[2018.01.09-16.57.17:490][152]LogMaterial: Missing cached shader map for material FDebugViewModeMaterialProxy M_Wood_Floor_Walnut_Polished, compiling. 
[2018.01.09-16.57.17:497][152]LogMaterial: Missing cached shader map for material FDebugViewModeMaterialProxy M_Rock_Marble_Polished, compiling. 
[2018.01.09-16.57.17:505][152]LogMaterial: Missing cached shader map for material FDebugViewModeMaterialProxy M_Brick_Clay_New, compiling. 
[2018.01.09-16.57.17:512][152]LogMaterial: Missing cached shader map for material FDebugViewModeMaterialProxy M_Basic_Floor, compiling. 
[2018.01.09-16.57.17:519][152]LogMaterial: Missing cached shader map for material FDebugViewModeMaterialProxy M_Frame, compiling. 
[2018.01.09-16.57.17:526][152]LogMaterial: Missing cached shader map for material FDebugViewModeMaterialProxy M_Glass, compiling. 
[2018.01.09-16.57.17:535][152]LogMaterial: Missing cached shader map for material FDebugViewModeMaterialProxy M_TableRound, compiling. 
[2018.01.09-16.57.17:542][152]LogMaterial: Missing cached shader map for material FDebugViewModeMaterialProxy M_Chair, compiling. 
[2018.01.09-16.57.17:548][152]LogMaterial: Missing cached shader map for material FDebugViewModeMaterialProxy M_Lamp, compiling. 
[2018.01.09-16.57.19:399][152]TextureStreamingBuild: Display: Compiling optional shaders took 1.935 seconds.
[2018.01.09-16.57.19:414][152]LogLevel: Display: Export Material TexCoord Scales took 0.015 seconds.
[2018.01.09-16.57.19:445][152]TextureStreamingBuild: Display: Build Texture Streaming took 0.031 seconds.
[2018.01.09-16.57.19:458][152]LightingResults: New page: 라이팅 빌드 - 2018. 1. 10. 오전 10:57:19
[2018.01.09-16.57.19:466][152]LogSwarmInterface: [OpenConnection] Registering TCP channel ...
[2018.01.09-16.57.19:469][152]LogSwarmInterface: [OpenConnection] Connecting to agent ...
[2018.01.09-16.57.19:469][152]LogSwarmInterface: [TryOpenConnection] Testing the Agent
[2018.01.09-16.57.19:469][152]LogSwarmInterface: [TryOpenConnection] Opening Connection to Agent
[2018.01.09-16.57.19:469][152]LogSwarmInterface: [TryOpenConnection] Local Process ID is 14240
[2018.01.09-16.57.23:986][152]LogStaticLightingSystem: Warning: No importance volume found, so the scene bounding box was used.  You can optimize your scene's quality and lighting build times by adding importance volumes.
[2018.01.09-16.57.23:986][152]LogStaticLightingSystem: Running Lightmass w/ ImmediateImport mode ENABLED
[2018.01.09-16.57.23:986][152]LogStaticLightingSystem: Running Lightmass w/ ImmediateProcess mode ENABLED
[2018.01.09-16.57.23:986][152]LogStaticLightingSystem: Running Lightmass w/ Sorting mode ENABLED
[2018.01.09-16.57.23:986][152]LogStaticLightingSystem: Running Lightmass w/ Mapping paddings ENABLED
[2018.01.09-16.57.23:986][152]LogStaticLightingSystem: Running Lightmass w/ Mapping debug paddings DISABLED
[2018.01.09-16.57.24:148][152]Cmd: MAP CHECK DONTDISPLAYDIALOG
[2018.01.09-16.57.24:148][152]MapCheck: New page: Officelevel - 2018. 1. 10. 오전 10:57:24
[2018.01.09-16.57.24:221][152]MapCheck: 맵 체크 완료: 오류 0 회, 경고 0 회, 소요 시간 73.171ms.
[2018.01.09-16.57.24:245][152]LogEditorBuildUtils: Build time 0:06
[2018.01.09-16.57.46:005][ 77]Job is a success!
[2018.01.09-16.57.46:728][ 78]LogVolumetricLightmapImport: Imported Volumetric Lightmap in 0.008s
[2018.01.09-16.57.46:728][ 78]LogVolumetricLightmapImport:      Indirection Texture 16x16x16 = 0.0Mb
[2018.01.09-16.57.46:728][ 78]LogVolumetricLightmapImport:      BrickData 100x5x5 = 0.1Mb
[2018.01.09-16.57.46:728][ 78]LogVolumetricLightmapImport:      Bricks at Level
[2018.01.09-16.57.46:728][ 78]LogVolumetricLightmapImport:          0: 5.0% covering 100.0% of volume
[2018.01.09-16.57.46:728][ 78]LogVolumetricLightmapImport:          1: 5.0% covering 1.6% of volume
[2018.01.09-16.57.46:729][ 78]LogVolumetricLightmapImport:          2: 90.0% covering 0.4% of volume
[2018.01.09-16.57.49:679][ 78]LogTexture: Display: 텍스처 빌드: HQ_Lightmap1_1 (AutoDXT, 1024X1024)
[2018.01.09-16.57.49:679][ 78]LogTexture: Display: 텍스처 빌드: LQ_Lightmap_1_1 (DXT1, 1024X1024)
[2018.01.09-16.57.49:679][ 78]LogTexture: Display: 텍스처 빌드: HQ_Lightmap1_2 (AutoDXT, 1024X1024)
[2018.01.09-16.57.49:679][ 78]LogTexture: Display: 텍스처 빌드: LQ_Lightmap_1_2 (DXT1, 1024X1024)
[2018.01.09-16.57.49:680][ 78]LogTexture: Display: 텍스처 빌드: HQ_Lightmap1_3 (AutoDXT, 1024X1024)
[2018.01.09-16.57.49:680][ 78]LogTexture: Display: 텍스처 빌드: LQ_Lightmap_1_3 (DXT1, 1024X1024)
[2018.01.09-16.57.49:680][ 78]LogTexture: Display: 텍스처 빌드: HQ_Lightmap1_4 (AutoDXT, 256X256)
[2018.01.09-16.57.49:680][ 78]LogTexture: Display: 텍스처 빌드: LQ_Lightmap_1_4 (DXT1, 256X256)
[2018.01.09-16.57.49:680][ 78]LogTexture: Display: 텍스처 빌드: HQ_Lightmap1_5 (AutoDXT, 64X64)
[2018.01.09-16.57.49:680][ 78]LogTexture: Display: 텍스처 빌드: LQ_Lightmap_1_5 (DXT1, 64X64)
[2018.01.09-16.57.49:811][ 78]LogTexture: Display: 텍스처 빌드: ShadowMapTexture2D_5 (G8, 32X32)
[2018.01.09-16.57.49:811][ 78]LogTexture: Display: 텍스처 빌드: ShadowMapTexture2D_4 (G8, 256X128)
[2018.01.09-16.57.49:812][ 78]LogTexture: Display: 텍스처 빌드: ShadowMapTexture2D_3 (G8, 1024X512)
[2018.01.09-16.57.49:855][ 78]Lightmass on DESKTOP-I0MM8TB: 24.7 sec total, 269 ms importing, 109 ms setup, 3.92 sec photons, 20.3 sec processing, 0 ms extra exporting [146/146 mappings]. Threads: 1:21 min total, 48.5 sec processing.
[2018.01.09-16.57.49:878][ 78]LogStaticLightingSystem: Illumination: 30.0 sec (2.81 sec encoding lightmaps, 128 ms encoding shadowmaps)
[2018.01.09-16.57.49:878][ 78]LogStaticLightingSystem: Lightmap texture memory:  6.1 MB (6.0 MB streaming, 0.1 MB non-streaming), 10 textures
[2018.01.09-16.57.49:878][ 78]LogStaticLightingSystem: Shadowmap texture memory: 0.7 MB (0.7 MB streaming, 0.0 MB non-streaming), 3 textures
[2018.01.09-16.57.50:008][ 78]DumpUnbuiltLightIteractions
[2018.01.09-16.57.50:008][ 78]Lights with unbuilt interactions: 0
[2018.01.09-16.57.50:008][ 78]
[2018.01.09-16.57.50:008][ 78]Primitives with unbuilt interactions: 0
[2018.01.09-16.57.50:018][ 79]Cmd: MAP CHECK NOTIFYRESULTS
[2018.01.09-16.57.50:019][ 79]MapCheck: New page: Officelevel - 2018. 1. 10. 오전 10:57:50
[2018.01.09-16.57.50:183][ 79]MapCheck: 맵 체크 완료: 오류 0 회, 경고 0 회, 소요 시간 158.689ms.
[2018.01.09-16.58.18:393][163]LogEditorViewport: Clicking on Actor (LMB): StaticMeshActor (SM_GlassWindow4)
[2018.01.09-16.58.20:797][323]LogTemp: Repeating last play command: 선택된 뷰포트
[2018.01.09-16.58.20:817][323]LogBlueprintUserMessages: Early PlayInEditor Detection: Level '/Game/Officelevel.Officelevel:PersistentLevel' has LevelScriptBlueprint '/Game/Officelevel.Officelevel:PersistentLevel.Officelevel' with GeneratedClass '/Game/Officelevel.Officelevel_C' with ClassGeneratedBy '/Game/Officelevel.Officelevel:PersistentLevel.Officelevel'
[2018.01.09-16.58.20:817][323]LogPlayLevel: PlayLevel: No blueprints needed recompiling
[2018.01.09-16.58.20:817][323]PIE: New page: PIE 세션: Officelevel (2018. 1. 10. 오전 10:58:20)
[2018.01.09-16.58.20:817][323]LogPlayLevel: Creating play world package: /Game/UEDPIE_0_Officelevel
[2018.01.09-16.58.20:832][323]LogPlayLevel: PIE: StaticDuplicateObject took: (0.014452s)
[2018.01.09-16.58.20:832][323]LogAIModule: Creating AISystem for world Officelevel
[2018.01.09-16.58.20:832][323]LogPlayLevel: PIE: World Init took: (0.000672s)
[2018.01.09-16.58.20:833][323]LogPlayLevel: PIE: Created PIE world by copying editor world from /Game/Officelevel.Officelevel to /Game/UEDPIE_0_Officelevel.Officelevel (0.015591s)
[2018.01.09-16.58.20:857][323]LogInit: XAudio2 using '스피커(Logitech G433 Gaming Headset)' : 6 channels at 48 kHz using 16 bits per sample (channel mask 0x3f)
[2018.01.09-16.58.20:872][323]LogInit: FAudioDevice initialized.
[2018.01.09-16.58.20:907][323]LogLoad: Game class is 'FirstPersonGameMode_C'
[2018.01.09-16.58.20:914][323]LogWorld: Bringing World /Game/UEDPIE_0_Officelevel.Officelevel up for play (max tick rate 0) at 2018.01.10-01.58.20
[2018.01.09-16.58.20:915][323]LogWorld: Bringing up level for play took: 0.005699
[2018.01.09-16.58.20:918][323]PIE: /Game/UEDPIE_0_Officelevel 에 대한 에디터에서 플레이 시작 시간: 0.291
[2018.01.09-16.58.20:918][323]LogBlueprintUserMessages: Late PlayInEditor Detection: Level '/Game/Officelevel.Officelevel:PersistentLevel' has LevelScriptBlueprint '/Game/Officelevel.Officelevel:PersistentLevel.Officelevel' with GeneratedClass '/Game/Officelevel.Officelevel_C' with ClassGeneratedBy '/Game/Officelevel.Officelevel:PersistentLevel.Officelevel'
[2018.01.09-16.58.36:278][889]LogBlueprintUserMessages: Early EndPlayMap Detection: Level '/Game/Officelevel.Officelevel:PersistentLevel' has LevelScriptBlueprint '/Game/Officelevel.Officelevel:PersistentLevel.Officelevel' with GeneratedClass '/Game/Officelevel.Officelevel_C' with ClassGeneratedBy '/Game/Officelevel.Officelevel:PersistentLevel.Officelevel'
[2018.01.09-16.58.36:317][889]LogBlueprintUserMessages: Late EndPlayMap Detection: Level '/Game/Officelevel.Officelevel:PersistentLevel' has LevelScriptBlueprint '/Game/Officelevel.Officelevel:PersistentLevel.Officelevel' with GeneratedClass '/Game/Officelevel.Officelevel_C' with ClassGeneratedBy '/Game/Officelevel.Officelevel:PersistentLevel.Officelevel'
[2018.01.09-16.58.47:794][ 63]Cmd: OBJ SAVEPACKAGE PACKAGE="/Game/Officelevel" FILE="D:/김주영/Unreal-Project/UVminigame_level/Content/Officelevel.umap" SILENT=true AUTOSAVING=false KEEPDIRTY=false
[2018.01.09-16.58.48:647][ 63]LogSavePackage: Save=799.50ms
[2018.01.09-16.58.48:648][ 63]LogSavePackage: Moving 'D:/김주영/Unreal-Project/UVminigame_level/Saved/OfficelevelA3B6C7AC4AEAF0812F3C11A308C9A18B.tmp' to 'D:/김주영/Unreal-Project/UVminigame_level/Content/Officelevel.umap'
[2018.01.09-16.58.48:657][ 63]LogSavePackage: Display: Finished SavePackage D:/김주영/Unreal-Project/UVminigame_level/Content/Officelevel.umap
[2018.01.09-16.58.48:692][ 63]Cmd: OBJ SAVEPACKAGE PACKAGE="/Game/Officelevel_BuiltData" FILE="D:/김주영/Unreal-Project/UVminigame_level/Content/Officelevel_BuiltData.uasset" SILENT=true
[2018.01.09-16.58.49:134][ 63]LogSavePackage: Save=386.58ms
[2018.01.09-16.58.49:134][ 63]LogSavePackage: Moving 'D:/김주영/Unreal-Project/UVminigame_level/Saved/Officelevel_BuiltDataAD82CFA14CB4CAFA6E5A94A5DD1C15ED.tmp' to 'D:/김주영/Unreal-Project/UVminigame_level/Content/Officelevel_BuiltData.uasset'
[2018.01.09-16.58.49:137][ 63]LogSavePackage: Display: Finished SavePackage D:/김주영/Unreal-Project/UVminigame_level/Content/Officelevel_BuiltData.uasset
[2018.01.09-16.59.01:062][268]LogWindowsTextInputMethodSystem: Display: IME system now activated using TSF (Microsoft 입력기).
[2018.01.09-16.59.01:305][269]Cmd: QUIT_EDITOR
[2018.01.09-16.59.02:341][269]LogExit: Preparing to exit.
[2018.01.09-16.59.03:495][269]LogExit: Editor shut down
[2018.01.09-16.59.03:499][269]LogExit: Transaction tracking system shut down
[2018.01.09-16.59.03:784][269]LogDirectoryWatcher: A directory notification for '../../../Engine/Content/' was aborted.
[2018.01.09-16.59.03:785][269]LogDirectoryWatcher: A directory notification for 'D:/김주영/Unreal-Project/UVminigame_level/Content/' was aborted.
[2018.01.09-16.59.03:785][269]LogDirectoryWatcher: A directory notification for '../../../Engine/Plugins/2D/Paper2D/Content/' was aborted.
[2018.01.09-16.59.03:785][269]LogDirectoryWatcher: A directory notification for '../../../Engine/Plugins/Media/MediaCompositing/Content/' was aborted.
[2018.01.09-16.59.03:785][269]LogDirectoryWatcher: A directory notification for '../../../Engine/Plugins/Runtime/AppleARKit/Content/' was aborted.
[2018.01.09-16.59.03:785][269]LogDirectoryWatcher: A directory notification for '../../../Engine/Plugins/Runtime/Oculus/OculusVR/Content/' was aborted.
[2018.01.09-16.59.03:785][269]LogDirectoryWatcher: A directory notification for '../../../Engine/Plugins/Runtime/Steam/SteamVR/Content/' was aborted.
[2018.01.09-16.59.03:953][269]LogExit: Object subsystem successfully closed.
[2018.01.09-16.59.03:999][269]LogD3D11RHI: Shutdown
[2018.01.09-16.59.04:000][269]LogD3D11RHI: CleanupD3DDevice
[2018.01.09-16.59.04:011][269]LogD3D11RHI: ~FD3D11DynamicRHI
[2018.01.09-16.59.04:043][269]LogModuleManager: Shutting down and abandoning module HierarchicalLODUtilities (552)
[2018.01.09-16.59.04:043][269]LogModuleManager: Shutting down and abandoning module MovieSceneCapture (550)
[2018.01.09-16.59.04:044][269]LogModuleManager: Shutting down and abandoning module HierarchicalLODOutliner (548)
[2018.01.09-16.59.04:044][269]LogModuleManager: Shutting down and abandoning module SceneOutliner (546)
[2018.01.09-16.59.04:044][269]LogModuleManager: Shutting down and abandoning module AddContentDialog (544)
[2018.01.09-16.59.04:045][269]LogDirectoryWatcher: A directory notification for 'C:/Program Files/Epic Games/UE_4.18/FeaturePacks/' was aborted.
[2018.01.09-16.59.04:046][269]LogModuleManager: Shutting down and abandoning module WidgetCarousel (543)
[2018.01.09-16.59.04:046][269]LogModuleManager: Shutting down and abandoning module EditorWidgets (540)
[2018.01.09-16.59.04:046][269]LogModuleManager: Shutting down and abandoning module CollectionManager (538)
[2018.01.09-16.59.04:046][269]LogDirectoryWatcher: A directory notification for 'D:/김주영/Unreal-Project/UVminigame_level/Content/Collections/' was aborted.
[2018.01.09-16.59.04:047][269]LogDirectoryWatcher: A directory notification for 'D:/김주영/Unreal-Project/UVminigame_level/Content/Developers/wndud/Collections/' was aborted.
[2018.01.09-16.59.04:047][269]LogDirectoryWatcher: A directory notification for 'D:/김주영/Unreal-Project/UVminigame_level/Saved/Collections/' was aborted.
[2018.01.09-16.59.04:047][269]LogModuleManager: Shutting down and abandoning module StatsViewer (536)
[2018.01.09-16.59.04:047][269]LogModuleManager: Shutting down and abandoning module FoliageEdit (534)
[2018.01.09-16.59.04:047][269]LogModuleManager: Shutting down and abandoning module LandscapeEditor (532)
[2018.01.09-16.59.04:047][269]LogModuleManager: Shutting down and abandoning module MeshPaintMode (530)
[2018.01.09-16.59.04:047][269]LogModuleManager: Shutting down and abandoning module SceneDepthPickerMode (528)
[2018.01.09-16.59.04:047][269]LogModuleManager: Shutting down and abandoning module ActorPickerMode (526)
[2018.01.09-16.59.04:048][269]LogModuleManager: Shutting down and abandoning module GeometryMode (524)
[2018.01.09-16.59.04:048][269]LogModuleManager: Shutting down and abandoning module TextureAlignMode (522)
[2018.01.09-16.59.04:048][269]LogModuleManager: Shutting down and abandoning module BspMode (520)
[2018.01.09-16.59.04:048][269]LogModuleManager: Shutting down and abandoning module PIEPreviewDeviceProfileSelector (518)
[2018.01.09-16.59.04:048][269]LogModuleManager: Shutting down and abandoning module HardwareSurvey (516)
[2018.01.09-16.59.04:048][269]LogModuleManager: Shutting down and abandoning module SequenceRecorderSections (514)
[2018.01.09-16.59.04:048][269]LogModuleManager: Shutting down and abandoning module AutomationWorker (512)
[2018.01.09-16.59.04:048][269]LogModuleManager: Shutting down and abandoning module MatineeToLevelSequence (510)
[2018.01.09-16.59.04:048][269]LogModuleManager: Shutting down and abandoning module LevelSequenceEditor (508)
[2018.01.09-16.59.04:048][269]LogModuleManager: Shutting down and abandoning module PlacementMode (507)
[2018.01.09-16.59.04:048][269]LogModuleManager: Shutting down and abandoning module WmfMediaFactory (504)
[2018.01.09-16.59.04:048][269]LogModuleManager: Shutting down and abandoning module WmfMediaEditor (502)
[2018.01.09-16.59.04:048][269]LogModuleManager: Shutting down and abandoning module OpenExrWrapper (500)
[2018.01.09-16.59.04:048][269]LogModuleManager: Shutting down and abandoning module ImgMediaFactory (498)
[2018.01.09-16.59.04:048][269]LogModuleManager: Shutting down and abandoning module ImgMediaEditor (496)
[2018.01.09-16.59.04:048][269]LogModuleManager: Shutting down and abandoning module AvfMediaFactory (494)
[2018.01.09-16.59.04:048][269]LogModuleManager: Shutting down and abandoning module AvfMediaEditor (492)
[2018.01.09-16.59.04:048][269]LogModuleManager: Shutting down and abandoning module AndroidMediaFactory (490)
[2018.01.09-16.59.04:048][269]LogModuleManager: Shutting down and abandoning module AndroidMediaEditor (488)
[2018.01.09-16.59.04:048][269]LogModuleManager: Shutting down and abandoning module CharacterAI (486)
[2018.01.09-16.59.04:048][269]LogModuleManager: Shutting down and abandoning module AudioCapture (484)
[2018.01.09-16.59.04:048][269]LogModuleManager: Shutting down and abandoning module SequenceRecorder (483)
[2018.01.09-16.59.04:048][269]LogModuleManager: Shutting down and abandoning module SmartSnapping (480)
[2018.01.09-16.59.04:048][269]LogModuleManager: Shutting down and abandoning module SessionServices (478)
[2018.01.09-16.59.04:048][269]LogModuleManager: Shutting down and abandoning module ViewportSnapping (476)
[2018.01.09-16.59.04:048][269]LogModuleManager: Shutting down and abandoning module ViewportInteraction (474)
[2018.01.09-16.59.04:048][269]LogModuleManager: Shutting down and abandoning module ClothPainter (472)
[2018.01.09-16.59.04:048][269]LogModuleManager: Shutting down and abandoning module SkeletalMeshEditor (471)
[2018.01.09-16.59.04:048][269]LogModuleManager: Shutting down and abandoning module LogVisualizer (468)
[2018.01.09-16.59.04:048][269]LogModuleManager: Shutting down and abandoning module IntroTutorials (466)
[2018.01.09-16.59.04:050][269]LogModuleManager: Shutting down and abandoning module GameProjectGeneration (465)
[2018.01.09-16.59.04:050][269]LogModuleManager: Shutting down and abandoning module IOSPlatformEditor (462)
[2018.01.09-16.59.04:050][269]LogModuleManager: Shutting down and abandoning module HTML5PlatformEditor (460)
[2018.01.09-16.59.04:050][269]LogModuleManager: Shutting down and abandoning module AndroidPlatformEditor (458)
[2018.01.09-16.59.04:050][269]LogModuleManager: Shutting down and abandoning module AndroidDeviceDetection (457)
[2018.01.09-16.59.04:121][269]LogModuleManager: Shutting down and abandoning module WindowsPlatformEditor (454)
[2018.01.09-16.59.04:121][269]LogModuleManager: Shutting down and abandoning module IOSRuntimeSettings (452)
[2018.01.09-16.59.04:121][269]LogModuleManager: Shutting down and abandoning module AndroidRuntimeSettings (450)
[2018.01.09-16.59.04:121][269]LogModuleManager: Shutting down and abandoning module InputBindingEditor (448)
[2018.01.09-16.59.04:121][269]LogModuleManager: Shutting down and abandoning module MergeActors (446)
[2018.01.09-16.59.04:121][269]LogModuleManager: Shutting down and abandoning module SizeMap (444)
[2018.01.09-16.59.04:121][269]LogModuleManager: Shutting down and abandoning module TreeMap (442)
[2018.01.09-16.59.04:121][269]LogModuleManager: Shutting down and abandoning module ReferenceViewer (440)
[2018.01.09-16.59.04:121][269]LogModuleManager: Shutting down and abandoning module LocalizationDashboard (438)
[2018.01.09-16.59.04:121][269]LogModuleManager: Shutting down and abandoning module LocalizationService (437)
[2018.01.09-16.59.04:121][269]LogModuleManager: Shutting down and abandoning module HardwareTargeting (434)
[2018.01.09-16.59.04:121][269]LogModuleManager: Shutting down and abandoning module DeviceProfileEditor (432)
[2018.01.09-16.59.04:121][269]LogModuleManager: Shutting down and abandoning module UndoHistory (430)
[2018.01.09-16.59.04:121][269]LogModuleManager: Shutting down and abandoning module XmlParser (428)
[2018.01.09-16.59.04:121][269]LogModuleManager: Shutting down and abandoning module Blutility (426)
[2018.01.09-16.59.04:121][269]LogModuleManager: Shutting down and abandoning module ProjectSettingsViewer (424)
[2018.01.09-16.59.04:121][269]LogModuleManager: Shutting down and abandoning module ProjectTargetPlatformEditor (423)
[2018.01.09-16.59.04:121][269]LogModuleManager: Shutting down and abandoning module EditorSettingsViewer (420)
[2018.01.09-16.59.04:122][269]LogModuleManager: Shutting down and abandoning module SettingsEditor (418)
[2018.01.09-16.59.04:122][269]LogModuleManager: Shutting down and abandoning module ProjectLauncher (416)
[2018.01.09-16.59.04:122][269]LogModuleManager: Shutting down and abandoning module SessionFrontend (414)
[2018.01.09-16.59.04:122][269]LogModuleManager: Shutting down and abandoning module ProfilerClient (412)
[2018.01.09-16.59.04:122][269]LogModuleManager: Shutting down and abandoning module DeviceManager (410)
[2018.01.09-16.59.04:122][269]LogModuleManager: Shutting down and abandoning module TargetDeviceServices (409)
[2018.01.09-16.59.04:188][269]LogModuleManager: Shutting down and abandoning module AutomationController (406)
[2018.01.09-16.59.04:188][269]LogModuleManager: Shutting down and abandoning module AutomationWindow (404)
[2018.01.09-16.59.04:188][269]LogModuleManager: Shutting down and abandoning module Layers (402)
[2018.01.09-16.59.04:188][269]LogModuleManager: Shutting down and abandoning module ComponentVisualizers (400)
[2018.01.09-16.59.04:188][269]LogModuleManager: Shutting down and abandoning module DetailCustomizations (398)
[2018.01.09-16.59.04:188][269]LogModuleManager: Shutting down and abandoning module PackagesDialog (396)
[2018.01.09-16.59.04:188][269]LogModuleManager: Shutting down and abandoning module Persona (394)
[2018.01.09-16.59.04:188][269]LogModuleManager: Shutting down and abandoning module AdvancedPreviewScene (393)
[2018.01.09-16.59.04:189][269]LogModuleManager: Shutting down and abandoning module AnimGraph (391)
[2018.01.09-16.59.04:189][269]LogModuleManager: Shutting down and abandoning module Kismet (388)
[2018.01.09-16.59.04:190][269]LogModuleManager: Shutting down and abandoning module ClassViewer (386)
[2018.01.09-16.59.04:190][269]LogModuleManager: Shutting down and abandoning module Toolbox (384)
[2018.01.09-16.59.04:190][269]LogModuleManager: Shutting down and abandoning module ModuleUI (382)
[2018.01.09-16.59.04:190][269]LogModuleManager: Shutting down and abandoning module MovieSceneTools (380)
[2018.01.09-16.59.04:190][269]LogModuleManager: Shutting down and abandoning module OutputLog (378)
[2018.01.09-16.59.04:190][269]LogModuleManager: Shutting down and abandoning module GammaUI (376)
[2018.01.09-16.59.04:190][269]LogModuleManager: Shutting down and abandoning module Documentation (374)
[2018.01.09-16.59.04:190][269]LogModuleManager: Shutting down and abandoning module MovieSceneTracks (372)
[2018.01.09-16.59.04:190][269]LogModuleManager: Shutting down and abandoning module MovieScene (370)
[2018.01.09-16.59.04:190][269]LogModuleManager: Shutting down and abandoning module StreamingPauseRendering (368)
[2018.01.09-16.59.04:190][269]LogModuleManager: Shutting down and abandoning module LauncherPlatform (366)
[2018.01.09-16.59.04:190][269]LogModuleManager: Shutting down and abandoning module AnalyticsET (364)
[2018.01.09-16.59.04:190][269]LogModuleManager: Shutting down and abandoning module PortalServices (362)
[2018.01.09-16.59.04:190][269]LogModuleManager: Shutting down and abandoning module PortalRpc (360)
[2018.01.09-16.59.04:190][269]LogModuleManager: Shutting down and abandoning module MessagingRpc (358)
[2018.01.09-16.59.04:190][269]LogModuleManager: Shutting down and abandoning module AIModule (356)
[2018.01.09-16.59.04:190][269]LogModuleManager: Shutting down and abandoning module GameplayDebugger (355)
[2018.01.09-16.59.04:190][269]LogModuleManager: Shutting down and abandoning module AITestSuite (353)
[2018.01.09-16.59.04:190][269]LogModuleManager: Shutting down and abandoning module DesktopPlatform (350)
[2018.01.09-16.59.04:190][269]LogModuleManager: Shutting down and abandoning module ProfilerService (348)
[2018.01.09-16.59.04:214][269]LogModuleManager: Shutting down and abandoning module TaskGraph (346)
[2018.01.09-16.59.04:215][269]LogModuleManager: Shutting down and abandoning module SteamVRController (344)
[2018.01.09-16.59.04:215][269]LogModuleManager: Shutting down and abandoning module ProceduralMeshComponentEditor (342)
[2018.01.09-16.59.04:215][269]LogModuleManager: Shutting down and abandoning module ProceduralMeshComponent (340)
[2018.01.09-16.59.04:215][269]LogModuleManager: Shutting down and abandoning module OculusInput (338)
[2018.01.09-16.59.04:215][269]LogModuleManager: Shutting down and abandoning module MobilePatchingUtils (336)
[2018.01.09-16.59.04:215][269]LogModuleManager: Shutting down and abandoning module CustomMeshComponent (334)
[2018.01.09-16.59.04:215][269]LogModuleManager: Shutting down and abandoning module CableComponent (332)
[2018.01.09-16.59.04:215][269]LogModuleManager: Shutting down and abandoning module ArchVisCharacter (330)
[2018.01.09-16.59.04:215][269]LogModuleManager: Shutting down and abandoning module AndroidPermission (328)
[2018.01.09-16.59.04:215][269]LogModuleManager: Shutting down and abandoning module ActorSequence (324)
[2018.01.09-16.59.04:215][269]LogModuleManager: Shutting down and abandoning module MediaPlayerEditor (322)
[2018.01.09-16.59.04:215][269]LogModuleManager: Shutting down and abandoning module MediaCompositingEditor (320)
[2018.01.09-16.59.04:215][269]LogModuleManager: Shutting down and abandoning module MediaCompositing (318)
[2018.01.09-16.59.04:215][269]LogModuleManager: Shutting down and abandoning module HTML5Networking (316)
[2018.01.09-16.59.04:215][269]LogModuleManager: Shutting down and abandoning module AlembicImporter (314)
[2018.01.09-16.59.04:215][269]LogModuleManager: Shutting down and abandoning module AlembicLibrary (313)
[2018.01.09-16.59.04:215][269]LogModuleManager: Shutting down and abandoning module GeometryCache (312)
[2018.01.09-16.59.04:215][269]LogModuleManager: Shutting down and abandoning module GeometryCacheEd (311)
[2018.01.09-16.59.04:216][269]LogModuleManager: Shutting down and abandoning module SpeedTreeImporter (306)
[2018.01.09-16.59.04:216][269]LogModuleManager: Shutting down and abandoning module PluginBrowser (304)
[2018.01.09-16.59.04:216][269]LogModuleManager: Shutting down and abandoning module MobileLauncherProfileWizard (302)
[2018.01.09-16.59.04:216][269]LogModuleManager: Shutting down and abandoning module VisualStudioSourceCodeAccess (300)
[2018.01.09-16.59.04:216][269]LogModuleManager: Shutting down and abandoning module VisualStudioCodeSourceCodeAccess (298)
[2018.01.09-16.59.04:216][269]LogModuleManager: Shutting down and abandoning module UObjectPlugin (296)
[2018.01.09-16.59.04:216][269]LogModuleManager: Shutting down and abandoning module SubversionSourceControl (294)
[2018.01.09-16.59.04:216][269]LogModuleManager: Shutting down and abandoning module PerforceSourceControl (292)
[2018.01.09-16.59.04:216][269]LogModuleManager: Shutting down and abandoning module GitSourceControl (290)
[2018.01.09-16.59.04:216][269]LogModuleManager: Shutting down and abandoning module SourceControl (289)
[2018.01.09-16.59.04:216][269]LogModuleManager: Shutting down and abandoning module LightPropagationVolumeEditor (286)
[2018.01.09-16.59.04:216][269]LogModuleManager: Shutting down and abandoning module PaperTiledImporter (284)
[2018.01.09-16.59.04:216][269]LogModuleManager: Shutting down and abandoning module PaperSpriteSheetImporter (282)
[2018.01.09-16.59.04:216][269]LogModuleManager: Shutting down and abandoning module Paper2DEditor (280)
[2018.01.09-16.59.04:216][269]LogModuleManager: Shutting down and abandoning module MeshPaint (279)
[2018.01.09-16.59.04:216][269]LogModuleManager: Shutting down and abandoning module LevelEditor (277)
[2018.01.09-16.59.04:225][269]LogModuleManager: Shutting down and abandoning module PixelInspectorModule (276)
[2018.01.09-16.59.04:226][269]LogModuleManager: Shutting down and abandoning module MainFrame (274)
[2018.01.09-16.59.04:226][269]LogModuleManager: Shutting down and abandoning module HotReload (273)
[2018.01.09-16.59.04:227][269]LogModuleManager: Shutting down and abandoning module RuntimePhysXCooking (268)
[2018.01.09-16.59.04:227][269]LogModuleManager: Shutting down and abandoning module PhysXVehiclesEditor (266)
[2018.01.09-16.59.04:227][269]LogModuleManager: Shutting down and abandoning module PhysXVehicles (264)
[2018.01.09-16.59.04:227][269]LogModuleManager: Shutting down and abandoning module OculusEditor (262)
[2018.01.09-16.59.04:227][269]LogModuleManager: Shutting down and abandoning module LocationServicesBPLibrary (260)
[2018.01.09-16.59.04:227][269]LogModuleManager: Shutting down and abandoning module ImmediatePhysicsEditor (258)
[2018.01.09-16.59.04:227][269]LogModuleManager: Shutting down and abandoning module ImmediatePhysics (256)
[2018.01.09-16.59.04:227][269]LogModuleManager: Shutting down and abandoning module UdpMessaging (254)
[2018.01.09-16.59.04:327][269]LogModuleManager: Shutting down and abandoning module TcpMessaging (252)
[2018.01.09-16.59.04:428][269]LogModuleManager: Shutting down and abandoning module GameplayTagsEditor (250)
[2018.01.09-16.59.04:428][269]LogModuleManager: Shutting down and abandoning module FacialAnimationEditor (248)
[2018.01.09-16.59.04:428][269]LogModuleManager: Shutting down and abandoning module FacialAnimation (246)
[2018.01.09-16.59.04:428][269]LogModuleManager: Shutting down and abandoning module AssetManagerEditor (244)
[2018.01.09-16.59.04:429][269]LogModuleManager: Shutting down and abandoning module GraphEditor (243)
[2018.01.09-16.59.04:429][269]LogModuleManager: Shutting down and abandoning module ContentBrowser (241)
[2018.01.09-16.59.04:430][269]LogModuleManager: Shutting down and abandoning module LightPropagationVolumeRuntime (238)
[2018.01.09-16.59.04:430][269]LogModuleManager: Shutting down and abandoning module Paper2D (236)
[2018.01.09-16.59.04:430][269]LogModuleManager: Shutting down and abandoning module WindowsMoviePlayer (234)
[2018.01.09-16.59.04:430][269]LogModuleManager: Shutting down and abandoning module WmfMedia (232)
[2018.01.09-16.59.04:430][269]LogModuleManager: Shutting down and abandoning module ImgMedia (230)
[2018.01.09-16.59.04:430][269]LogModuleManager: Shutting down and abandoning module PacketHandler (228)
[2018.01.09-16.59.04:430][269]LogModuleManager: Shutting down and abandoning module ClothingSystemEditor (226)
[2018.01.09-16.59.04:430][269]LogModuleManager: Shutting down and abandoning module ClothingSystemRuntime (224)
[2018.01.09-16.59.04:430][269]LogModuleManager: Shutting down and abandoning module MediaAssets (222)
[2018.01.09-16.59.04:430][269]LogModuleManager: Shutting down and abandoning module Media (221)
[2018.01.09-16.59.04:439][269]LogModuleManager: Shutting down and abandoning module Overlay (218)
[2018.01.09-16.59.04:439][269]LogModuleManager: Shutting down and abandoning module OverlayEditor (217)
[2018.01.09-16.59.04:439][269]LogModuleManager: Shutting down and abandoning module VREditor (214)
[2018.01.09-16.59.04:439][269]LogModuleManager: Shutting down and abandoning module StringTableEditor (212)
[2018.01.09-16.59.04:439][269]LogModuleManager: Shutting down and abandoning module GameplayTasksEditor (210)
[2018.01.09-16.59.04:439][269]LogModuleManager: Shutting down and abandoning module BehaviorTreeEditor (208)
[2018.01.09-16.59.04:439][269]LogModuleManager: Shutting down and abandoning module FunctionalTesting (206)
[2018.01.09-16.59.04:439][269]LogModuleManager: Shutting down and abandoning module CollisionAnalyzer (204)
[2018.01.09-16.59.04:439][269]LogModuleManager: Shutting down and abandoning module WorkspaceMenuStructure (203)
[2018.01.09-16.59.04:439][269]LogModuleManager: Shutting down and abandoning module UMG (200)
[2018.01.09-16.59.04:439][269]LogModuleManager: Shutting down and abandoning module UMGEditor (199)
[2018.01.09-16.59.04:439][269]LogModuleManager: Shutting down and abandoning module Sequencer (198)
[2018.01.09-16.59.04:440][269]LogModuleManager: Shutting down and abandoning module MessageLog (195)
[2018.01.09-16.59.04:440][269]LogModuleManager: Shutting down and abandoning module SlateReflector (190)
[2018.01.09-16.59.04:440][269]LogModuleManager: Shutting down and abandoning module Slate (188)
[2018.01.09-16.59.04:440][269]LogModuleManager: Shutting down and abandoning module EditorStyle (186)
[2018.01.09-16.59.04:442][269]LogModuleManager: Shutting down and abandoning module MRMesh (184)
[2018.01.09-16.59.04:442][269]LogModuleManager: Shutting down and abandoning module SourceCodeAccess (182)
[2018.01.09-16.59.04:442][269]LogModuleManager: Shutting down and abandoning module HeadMountedDisplay (180)
[2018.01.09-16.59.04:442][269]LogModuleManager: Shutting down and abandoning module XAudio2 (178)
[2018.01.09-16.59.04:443][269]LogModuleManager: Shutting down and abandoning module Networking (176)
[2018.01.09-16.59.04:443][269]LogModuleManager: Shutting down and abandoning module Core (172)
[2018.01.09-16.59.04:443][269]LogModuleManager: Shutting down and abandoning module LevelSequence (168)
[2018.01.09-16.59.04:443][269]LogModuleManager: Shutting down and abandoning module DirectoryWatcher (166)
[2018.01.09-16.59.04:443][269]LogModuleManager: Shutting down and abandoning module KismetCompiler (164)
[2018.01.09-16.59.04:443][269]LogModuleManager: Shutting down and abandoning module MeshUtilities (162)
[2018.01.09-16.59.04:443][269]LogModuleManager: Shutting down and abandoning module MeshMergeUtilities (161)
[2018.01.09-16.59.04:443][269]LogModuleManager: Shutting down and abandoning module MeshReductionInterface (160)
[2018.01.09-16.59.04:443][269]LogModuleManager: Shutting down and abandoning module SimplygonSwarm (159)
[2018.01.09-16.59.04:443][269]LogModuleManager: Shutting down and abandoning module SimplygonMeshReduction (157)
[2018.01.09-16.59.04:443][269]LogModuleManager: Shutting down and abandoning module QuadricMeshReduction (155)
[2018.01.09-16.59.04:443][269]LogModuleManager: Shutting down and abandoning module MaterialBaking (151)
[2018.01.09-16.59.04:443][269]LogModuleManager: Shutting down and abandoning module DerivedDataCache (148)
[2018.01.09-16.59.04:525][269]LogDerivedDataCache: Shutdown
[2018.01.09-16.59.04:525][269]LogModuleManager: Shutting down and abandoning module TargetPlatform (146)
[2018.01.09-16.59.04:525][269]LogModuleManager: Shutting down and abandoning module VulkanShaderFormat (145)
[2018.01.09-16.59.04:525][269]LogModuleManager: Shutting down and abandoning module ShaderFormatVectorVM (143)
[2018.01.09-16.59.04:526][269]LogModuleManager: Shutting down and abandoning module ShaderFormatOpenGL (141)
[2018.01.09-16.59.04:526][269]LogModuleManager: Shutting down and abandoning module ShaderFormatD3D (139)
[2018.01.09-16.59.04:526][269]LogModuleManager: Shutting down and abandoning module MetalShaderFormat (137)
[2018.01.09-16.59.04:526][269]LogModuleManager: Shutting down and abandoning module TextureFormatUncompressed (135)
[2018.01.09-16.59.04:526][269]LogModuleManager: Shutting down and abandoning module TextureFormatPVR (133)
[2018.01.09-16.59.04:526][269]LogModuleManager: Shutting down and abandoning module TextureFormatDXT (131)
[2018.01.09-16.59.04:526][269]LogModuleManager: Shutting down and abandoning module TextureFormatIntelISPCTexComp (129)
[2018.01.09-16.59.04:526][269]LogModuleManager: Shutting down and abandoning module TextureFormatASTC (127)
[2018.01.09-16.59.04:526][269]LogModuleManager: Shutting down and abandoning module ImageWrapper (126)
[2018.01.09-16.59.04:526][269]LogModuleManager: Shutting down and abandoning module TextureFormatAndroid (123)
[2018.01.09-16.59.04:526][269]LogModuleManager: Shutting down and abandoning module AudioFormatOpus (121)
[2018.01.09-16.59.04:526][269]LogModuleManager: Shutting down and abandoning module AudioFormatOgg (119)
[2018.01.09-16.59.04:526][269]LogModuleManager: Shutting down and abandoning module AudioFormatADPCM (117)
[2018.01.09-16.59.04:526][269]LogModuleManager: Shutting down and abandoning module LinuxTargetPlatform (115)
[2018.01.09-16.59.04:526][269]LogModuleManager: Shutting down and abandoning module LinuxServerTargetPlatform (113)
[2018.01.09-16.59.04:526][269]LogModuleManager: Shutting down and abandoning module LinuxNoEditorTargetPlatform (111)
[2018.01.09-16.59.04:526][269]LogModuleManager: Shutting down and abandoning module LinuxClientTargetPlatform (109)
[2018.01.09-16.59.04:526][269]LogModuleManager: Shutting down and abandoning module TVOSTargetPlatform (107)
[2018.01.09-16.59.04:526][269]LogModuleManager: Shutting down and abandoning module Messaging (105)
[2018.01.09-16.59.04:526][269]LogModuleManager: Shutting down and abandoning module IOSTargetPlatform (103)
[2018.01.09-16.59.04:526][269]LogModuleManager: Shutting down and abandoning module HTML5TargetPlatform (101)
[2018.01.09-16.59.04:526][269]LogModuleManager: Shutting down and abandoning module AndroidTargetPlatform (99)
[2018.01.09-16.59.04:526][269]LogModuleManager: Shutting down and abandoning module Android_PVRTCTargetPlatform (97)
[2018.01.09-16.59.04:526][269]LogModuleManager: Shutting down and abandoning module Android_MultiTargetPlatform (95)
[2018.01.09-16.59.04:526][269]LogModuleManager: Shutting down and abandoning module Android_ETC2TargetPlatform (93)
[2018.01.09-16.59.04:526][269]LogModuleManager: Shutting down and abandoning module Android_ETC1TargetPlatform (91)
[2018.01.09-16.59.04:527][269]LogModuleManager: Shutting down and abandoning module Android_DXTTargetPlatform (89)
[2018.01.09-16.59.04:527][269]LogModuleManager: Shutting down and abandoning module Android_ATCTargetPlatform (87)
[2018.01.09-16.59.04:527][269]LogModuleManager: Shutting down and abandoning module Android_ASTCTargetPlatform (85)
[2018.01.09-16.59.04:527][269]LogModuleManager: Shutting down and abandoning module WindowsTargetPlatform (83)
[2018.01.09-16.59.04:527][269]LogModuleManager: Shutting down and abandoning module WindowsServerTargetPlatform (81)
[2018.01.09-16.59.04:527][269]LogModuleManager: Shutting down and abandoning module WindowsNoEditorTargetPlatform (79)
[2018.01.09-16.59.04:527][269]LogModuleManager: Shutting down and abandoning module WindowsClientTargetPlatform (77)
[2018.01.09-16.59.04:527][269]LogModuleManager: Shutting down and abandoning module MacTargetPlatform (75)
[2018.01.09-16.59.04:527][269]LogModuleManager: Shutting down and abandoning module MacServerTargetPlatform (73)
[2018.01.09-16.59.04:527][269]LogModuleManager: Shutting down and abandoning module MacNoEditorTargetPlatform (71)
[2018.01.09-16.59.04:527][269]LogModuleManager: Shutting down and abandoning module MacClientTargetPlatform (69)
[2018.01.09-16.59.04:527][269]LogModuleManager: Shutting down and abandoning module AllDesktopTargetPlatform (67)
[2018.01.09-16.59.04:527][269]LogModuleManager: Shutting down and abandoning module InputCore (64)
[2018.01.09-16.59.04:527][269]LogModuleManager: Shutting down and abandoning module Settings (62)
[2018.01.09-16.59.04:527][269]LogModuleManager: Shutting down and abandoning module PhysXCooking (60)
[2018.01.09-16.59.04:527][269]LogModuleManager: Shutting down and abandoning module SteamVR (58)
[2018.01.09-16.59.04:527][269]LogModuleManager: Shutting down and abandoning module OculusHMD (56)
[2018.01.09-16.59.04:527][269]LogModuleManager: Shutting down and abandoning module ExampleDeviceProfileSelector (54)
[2018.01.09-16.59.04:527][269]LogModuleManager: Shutting down and abandoning module AppleARKit (52)
[2018.01.09-16.59.04:527][269]LogModuleManager: Shutting down and abandoning module AugmentedReality (51)
[2018.01.09-16.59.04:527][269]LogModuleManager: Shutting down and abandoning module OnlineBlueprintSupport (48)
[2018.01.09-16.59.04:527][269]LogModuleManager: Shutting down and abandoning module OnlineSubsystem (44)
[2018.01.09-16.59.04:528][269]LogModuleManager: Shutting down and abandoning module XMPP (43)
[2018.01.09-16.59.04:528][269]LogModuleManager: Shutting down and abandoning module HTTP (41)
[2018.01.09-16.59.04:528][269]LogHttp: Display: Http module shutting down, but needs to wait on 1 outstanding Http requests:
[2018.01.09-16.59.04:528][269]LogHttp: Display: 	verb=[POST] url=[https://datarouter.ol.epicgames.com/datarouter/api/v1/public/data?SessionID=%7B870AF390-4065-49D3-ED41-EAA876DE7823%7D&AppID=UEEditor.Rocket.Release&AppVersion=4.18.2-3794801%2B%2B%2BUE4%2BRelease-4.18&UserID=fdcaea7d40053a6a3fa5f9915b069c22%7C5c7ca17459124739a0abaccf7688ffb5%7Cced956fb-7301-413f-857e-2081caa07866&AppEnvironment=datacollector-binary&UploadType=eteventstream] status=Processing
[2018.01.09-16.59.04:568][269]LogModuleManager: Shutting down and abandoning module SSL (40)
[2018.01.09-16.59.04:570][269]LogModuleManager: Shutting down and abandoning module AnimationModifiers (36)
[2018.01.09-16.59.04:571][269]LogModuleManager: Shutting down and abandoning module PropertyEditor (35)
[2018.01.09-16.59.04:578][269]LogModuleManager: Shutting down and abandoning module AudioEditor (32)
[2018.01.09-16.59.04:578][269]LogModuleManager: Shutting down and abandoning module TextureCompressor (30)
[2018.01.09-16.59.04:578][269]LogModuleManager: Shutting down and abandoning module ShaderCore (28)
[2018.01.09-16.59.04:578][269]LogModuleManager: Shutting down and abandoning module Landscape (26)
[2018.01.09-16.59.04:578][269]LogModuleManager: Shutting down and abandoning module SlateRHIRenderer (24)
[2018.01.09-16.59.04:591][269]LogModuleManager: Shutting down and abandoning module OpenGLDrv (22)
[2018.01.09-16.59.04:591][269]LogModuleManager: Shutting down and abandoning module D3D11RHI (20)
[2018.01.09-16.59.04:592][269]LogModuleManager: Shutting down and abandoning module AnimGraphRuntime (18)
[2018.01.09-16.59.04:592][269]LogModuleManager: Shutting down and abandoning module Renderer (16)
[2018.01.09-16.59.04:592][269]LogModuleManager: Shutting down and abandoning module Engine (14)
[2018.01.09-16.59.04:592][269]LogModuleManager: Shutting down and abandoning module CoreUObject (12)
[2018.01.09-16.59.04:592][269]LogModuleManager: Shutting down and abandoning module NetworkFile (10)
[2018.01.09-16.59.04:592][269]LogModuleManager: Shutting down and abandoning module CookedIterativeFile (8)
[2018.01.09-16.59.04:592][269]LogModuleManager: Shutting down and abandoning module StreamingFile (6)
[2018.01.09-16.59.04:592][269]LogModuleManager: Shutting down and abandoning module SandboxFile (4)
[2018.01.09-16.59.04:592][269]LogModuleManager: Shutting down and abandoning module PakFile (2)
[2018.01.09-16.59.04:604][269]LogExit: Exiting.
[2018.01.09-16.59.04:641][269]Log file closed, 01/10/18 01:59:04
